================ Wed Jul 24 11:56:49 EDT 2013 =========================
tgtd: [11:56:49.494273] work_timer_start(146) use timer_fd based scheduler
tgtd: [11:56:49.494661] bs_init(313) use signalfd notification
tgtd: [11:57:45.201252] caught signal 15, exiting
================ Wed Jul 24 11:59:46 EDT 2013 =========================
tgtd: [11:59:46.569691] work_timer_start(146) use timer_fd based scheduler
tgtd: [11:59:46.570092] bs_init(313) use signalfd notification
tgtd: [12:00:43.009292] caught signal 15, exiting
================ Wed Jul 24 12:01:20 EDT 2013 =========================
tgtd: [12:01:20.868286] work_timer_start(146) use timer_fd based schedultgtd: [12:01:27.223317] work_timer_start(146) use timer_fd based schedultgtd: [12:01:30.317536] work_timer_start(146) use timer_fd based schedultgtd: [12:01:33.227075] work_timer_start(146) use timer_fd based scheduler
tgtd: [12:01:33.227526] bs_init(313) use signalfd notification
tgtd: [12:01:35.228558] tgt_device_create(576) Unknown device type 127
tgtd: [12:01:35.233109] device_mgmt(239) sz:26 params:path=/dev/sda,bstype=rdwr
tgtd: [12:01:35.233172] bs_thread_open(335) 16
tgtd: [12:01:42.703042] conn_init(68) connection open, 0x1d45418
tgtd: [12:01:42.705393] conn_close(104) connection closed, 0x1d45418 1
tgtd: [12:01:42.713140] conn_init(68) connection open, 0x1d45418
.038672] conn_close(104) connection closed, 0x231eb28 1
tgtd: [12:01:45.792744] conn_init(68) connection open, 0x231eb28
tgtd: [12:01:46.043226] conn_close(104) connection closed, 0x231eb28 1
tgtd: [12:01:48.797250] conn_init(68) connection open, 0x231eb28
tgtd: [12:01:49.047710] conn_close(104) connection closed, 0x231eb28 1
tgtd: [12:01:51.801807] conn_init(68) connection open, 0x231eb28
tgtd: [12:01:52.052380] conn_close(104) connection closed, 0x231eb28 1
tgtd: [12:01:54.806403] conn_init(68) connection open, 0x231eb28
tgtd: [12:01:55.056899] conn_close(104) connection closed, 0x231eb28 1
tgtd: [12:01:57.810968] conn_init(68) connection open, 0x231eb28
tgtd: [12:01:58.061448] conn_close(104) connection closed, 0x231eb28 1
tgtd: [12:02:00.815484] conn_init(68) connection open, 0x231eb28
tgtd: [12:02:01.066006] conn_close(104) connection closed, 0x231eb28 1
tgtd: [12:02:03.820109] conn_init(68) connection open, 0x231eb28
tgtd: [12:02:04.071041] conn_close(104) connection closed, 0x231eb28 1
tgtd: [12:02:06.825228] conn_init(68) connection open, 0x231eb28
tgtd: [12:02:07.075727] conn_close(104) connection closed, 0x231eb28 1
tgtd: [12:02:09.829886] conn_init(68) connection open, 0x231eb28
tgtd: [12:02:10.080452] conn_close(104) connection closed, 0x231eb28 1
tgtd: [12:02:12.834614] conn_init(68) connection open, 0x231eb28
tgtd: [12:02:13.085140] conn_close(104) connection closed, 0x231eb28 1
tgtd: [12:02:15.839313] conn_init(68) connection open, 0x231eb28
tgtd: [12:02:16.089783] conn_close(104) connection closed, 0x231eb28 1
tgtd: [12:02:18.844006] conn_init(68) connection open, 0x231eb28
tgtd: [12:02:19.094484] conn_close(104) connection closed, 0x231eb28 1
tgtd: [12:02:21.848736] conn_init(68) connection open, 0x231eb28
tgtd: [12:02:22.099317] conn_close(104) connection closed, 0x231eb28 1
tgtd: [12:02:24.853495] conn_init(68) connection open, 0x231eb28
tgtd: [12:02:25.103948] conn_close(104) connection closed, 0x231eb28 1
tgtd: [12:02:27.858132] conn_init(68) connection open, 0x231eb28
tgtd: [12:02:28.108604] conn_close(104) connection closed, 0x231eb28 1
tgtd: [12:02:30.862754] conn_init(68) connection open, 0x231eb28
tgtd: [12:02:31.113301] conn_close(104) connection closed, 0x231eb28 1
tgtd: [12:02:33.867475] conn_init(68) connection open, 0x231eb28
tgtd: [12:02:34.117959] conn_close(104) connection closed, 0x231eb28 1
tgtd: [12:02:36.872064] conn_init(68) connection open, 0x231eb28
tgtd: [12:02:37.122558] conn_close(104) connection closed, 0x231eb28 1
tgtd: [12:02:39.876740] conn_init(68) connection open, 0x231eb28
tgtd: [12:02:40.127285] conn_close(104) connection closed, 0x231eb28 1
tgtd: [12:02:42.881506] conn_init(68) connection open, 0x231eb28
tgtd: [12:02:43.132021] conn_close(104) connection closed, 0x231eb28 1
tgtd: [12:02:45.886297] conn_init(68) connection open, 0x231eb28
tgtd: [12:02:46.136760] conn_close(104) connection closed, 0x231eb28 1
tgtd: [12:02:48.891007] conn_init(68) connection open, 0x231eb28
tgtd: [12:02:49.141470] conn_close(104) connection closed, 0x231eb28 1
tgtd: [12:02:51.895749] conn_init(68) connection open, 0x231eb28
tgtd: [12:02:52.146266] conn_close(104) connection closed, 0x231eb28 1
tgtd: [12:02:54.900450] conn_init(68) connection open, 0x231eb28
tgtd: [12:02:55.150930] conn_close(104) connection closed, 0x231eb28 1
tgtd: [12:02:57.905061] conn_init(68) connection open, 0x231eb28
tgtd: [12:02:58.155556] conn_close(104) connection closed, 0x231eb28 1
tgtd: [12:03:00.909676] conn_init(68) connection open, 0x231eb28
tgtd: [12:03:01.160210] conn_close(104) connection closed, 0x231eb28 1
tgtd: [12:03:03.914272] conn_init(68) connection open, 0x231eb28
tgtd: [12:03:04.165164] conn_close(104) connection closed, 0x231eb28 1
tgtd: [12:03:06.919285] conn_init(68) connection open, 0x231eb28
tgtd: [12:03:07.169774] conn_close(104) connection closed, 0x231eb28 1
tgtd: [12:03:09.924004] conn_init(68) connection open, 0x231eb28
tgtd: [12:03:10.174515] conn_close(104) connection closed, 0x231eb28 1
tgtd: [12:03:12.928738] conn_init(68) connection open, 0x231eb28
tgtd: [12:03:13.179253] conn_close(104) connection closed, 0x231eb28 1
tgtd: [12:03:15.933451] conn_init(68) connection open, 0x231eb28
tgtd: [12:03:16.183973] conn_close(104) connection closed, 0x231eb28 1
tgtd: [12:03:18.938147] conn_init(68) connection open, 0x231eb28
tgtd: [12:03:19.188581] conn_close(104) connection closed, 0x231eb28 1
tgtd: [12:03:21.942658] conn_init(68) connection open, 0x231eb28
tgtd: [12:03:22.193225] conn_close(104) connection closed, 0x231eb28 1
tgtd: [12:03:24.947315] conn_init(68) connection open, 0x231eb28
tgtd: [12:03:25.197742] conn_close(104) connection closed, 0x231eb28 1
tgtd: [12:03:27.951888] conn_init(68) connection open, 0x231eb28
tgtd: [12:03:28.202357] conn_close(104) connection closed, 0x231eb28 1
tgtd: [12:03:30.956429] conn_init(68) connection open, 0x231eb28
tgtd: [12:03:31.206998] conn_close(104) connection closed, 0x231eb28 1
tgtd: [12:03:33.961228] conn_init(68) connection open, 0x231eb28
tgtd: [12:03:34.211696] conn_close(104) connection closed, 0x231eb28 1
tgtd: [12:03:36.965992] conn_init(68) connection open, 0x231eb28
tgtd: [12:03:37.216467] conn_close(104) connection closed, 0x231eb28 1
tgtd: [12:03:39.970684] conn_init(68) connection open, 0x231eb28
tgtd: [12:03:40.221120] conn_close(104) connection closed, 0x231eb28 1
tgtd: [12:03:42.975385] conn_init(68) connection open, 0x231eb28
tgtd: [12:03:43.225917] conn_close(104) connection closed, 0x231eb28 1
tgtd: [12:03:45.980064] conn_init(68) connection open, 0x231eb28
tgtd: [12:03:46.230510] conn_close(104) connection closed, 0x231eb28 1
tgtd: [12:03:48.984793] conn_init(68) connection open, 0x231eb28
tgtd: [12:03:49.235254] conn_close(104) connection closed, 0x231eb28 1
tgtd: [12:03:51.989504] conn_init(68) connection open, 0x231eb28
tgtd: [12:03:52.240084] conn_close(104) connection closed, 0x231eb28 1
tgtd: [12:03:54.994287] conn_init(68) connection open, 0x231eb28
tgtd: [12:03:55.244754] conn_close(104) connection closed, 0x231eb28 1
tgtd: [12:03:57.998875] conn_init(68) connection open, 0x231eb28
tgtd: [12:03:58.249402] conn_close(104) connection closed, 0x231eb28 1
tgtd: [12:04:01.003533] conn_init(68) connection open, 0x231eb28
tgtd: [12:04:01.254081] conn_close(104) connection closed, 0x231eb28 1
tgtd: [12:04:04.008231] conn_init(68) connection open, 0x231eb28
tgtd: [12:04:04.259140] conn_close(104) connection closed, 0x231eb28 1
tgtd: [12:04:07.013318] conn_init(68) connection open, 0x231eb28
tgtd: [12:04:07.263754] conn_close(104) connection closed, 0x231eb28 1
tgtd: [12:04:10.017857] conn_init(68) connection open, 0x231eb28
tgtd: [12:04:10.268317] conn_close(104) connection closed, 0x231eb28 1
tgtd: [12:04:13.022390] conn_init(68) connection open, 0x231eb28
tgtd: [12:04:13.272923] conn_close(104) connection closed, 0x231eb28 1
tgtd: [12:04:16.026924] conn_init(68) connection open, 0x231eb28
tgtd: [12:04:16.277425] conn_close(104) connection closed, 0x231eb28 1
tgtd: [12:04:19.031558] conn_init(68) connection open, 0x231eb28
tgtd: [12:04:19.282058] conn_close(104) connection closed, 0x231eb28 1
tgtd: [12:04:22.036160] conn_init(68) connection open, 0x231eb28
tgtd: [12:04:22.286681] conn_close(104) connection closed, 0x231eb28 1
tgtd: [12:04:25.040795] conn_init(68) connection open, 0x231eb28
tgtd: [12:04:25.291262] conn_close(104) connection closed, 0x231eb28 1
tgtd: [12:04:28.045280] conn_init(68) connection open, 0x231eb28
tgtd: [12:04:28.295744] conn_close(104) connection closed, 0x231eb28 1
tgtd: [12:04:31.049838] conn_init(68) connection open, 0x231eb28
tgtd: [12:04:31.300399] conn_close(104) connection closed, 0x231eb28 1
tgtd: [12:04:34.054490] conn_init(68) connection open, 0x231eb28
tgtd: [12:04:34.304986] conn_close(104) connection closed, 0x231eb28 1
tgtd: [12:04:37.059081] conn_init(68) connection open, 0x231eb28
tgtd: [12:04:37.309552] conn_close(104) connection closed, 0x231eb28 1
tgtd: [12:04:40.063668] conn_init(68) connection open, 0x231eb28
tgtd: [12:04:40.314209] conn_close(104) connection closed, 0x231eb28 1
tgtd: [12:04:43.068304] conn_init(68) connection open, 0x231eb28
tgtd: [12:04:43.318790] conn_close(104) connection closed, 0x231eb28 1
tgtd: [12:04:46.072899] conn_init(68) connection open, 0x231eb28
tgtd: [12:04:46.323406] conn_close(104) connection closed, 0x231eb28 1
tgtd: [12:04:49.077514] conn_init(68) connection open, 0x231eb28
tgtd: [12:04:49.328015] conn_close(104) connection closed, 0x231eb28 1
tgtd: [12:04:52.082177] conn_init(68) connection open, 0x231eb28
tgtd: [12:04:52.332751] conn_close(104) connection closed, 0x231eb28 1
tgtd: [12:04:55.087355] conn_init(68) connection open, 0x231eb28
tgtd: [12:04:55.337846] conn_close(104) connection closed, 0x231eb28 1
tgtd: [12:04:58.091953] conn_init(68) connection open, 0x231eb28
tgtd: [12:04:58.342413] conn_close(104) connection closed, 0x231eb28 1
tgtd: [12:05:01.097029] conn_init(68) connection open, 0x231eb28
tgtd: [12:05:01.347561] conn_close(104) connection closed, 0x231eb28 1
tgtd: [12:05:04.101725] conn_init(68) connection open, 0x231eb28
tgtd: [12:05:04.352689] conn_close(104) connection closed, 0x231eb28 1
tgtd: [12:05:07.106882] conn_init(68) connection open, 0x231eb28
tgtd: [12:05:07.357336] conn_close(104) connection closed, 0x231eb28 1
tgtd: [12:05:10.111469] conn_init(68) connection open, 0x231eb28
tgtd: [12:05:10.362030] conn_close(104) connection closed, 0x231eb28 1
tgtd: [12:05:13.116770] conn_init(68) connection open, 0x231eb28
tgtd: [12:05:13.367266] conn_close(104) connection closed, 0x231eb28 1
tgtd: [12:05:16.121371] conn_init(68) connection open, 0x231eb28
tgtd: [12:05:16.371825] conn_close(104) connection closed, 0x231eb28 1
tgtd: [12:05:19.126063] conn_init(68) connection open, 0x231eb28
tgtd: [12:05:19.376556] conn_close(104) connection closed, 0x231eb28 1
tgtd: [12:05:22.130824] conn_init(68) connection open, 0x231eb28
tgtd: [12:05:22.381362] conn_close(104) connection closed, 0x231eb28 1
tgtd: [12:05:25.135561] conn_init(68) connection open, 0x231eb28
tgtd: [12:05:25.386057] conn_close(104) connection closed, 0x231eb28 1
tgtd: [12:05:28.140251] conn_init(68) connection open, 0x231eb28
tgtd: [12:05:28.390751] conn_close(104) connection closed, 0x231eb28 1
tgtd: [12:05:31.144961] conn_init(68) connection open, 0x231eb28
tgtd: [12:05:31.395504] conn_close(104) connection closed, 0x231eb28 1
tgtd: [12:05:34.149779] conn_init(68) connection open, 0x231eb28
tgtd: [12:05:34.400248] conn_close(104) connection closed, 0x231eb28 1
tgtd: [12:05:37.154409] conn_init(68) connection open, 0x231eb28
tgtd: [12:05:37.404905] conn_close(104) connection closed, 0x231eb28 1
tgtd: [12:05:40.159015] conn_init(68) connection open, 0x231eb28
tgtd: [12:05:40.409580] conn_close(104) connection closed, 0x231eb28 1
tgtd: [12:05:43.163874] conn_init(68) connection open, 0x231eb28
tgtd: [12:05:43.414345] conn_close(104) connection closed, 0x231eb28 1
tgtd: [12:05:46.168505] conn_init(68) connection open, 0x231eb28
tgtd: [12:05:46.419020] conn_close(104) connection closed, 0x231eb28 1
tgtd: [12:05:49.173266] conn_init(68) connection open, 0x231eb28
tgtd: [12:05:49.423768] conn_close(104) connection closed, 0x231eb28 1
tgtd: [12:05:52.178055] conn_init(68) connection open, 0x231eb28
tgtd: [12:05:52.428608] conn_close(104) connection closed, 0x231eb28 1
tgtd: [12:05:55.182794] conn_init(68) connection open, 0x231eb28
tgtd: [12:05:55.433272] conn_close(104) connection closed, 0x231eb28 1
tgtd: [12:05:58.187511] conn_init(68) connection open, 0x231eb28
tgtd: [12:05:58.438017] conn_close(104) connection closed, 0x231eb28 1
tgtd: [12:06:01.192015] conn_init(68) connection open, 0x231eb28
tgtd: [12:06:01.442540] conn_close(104) connection closed, 0x231eb28 1
tgtd: [12:06:04.196695] conn_init(68) connection open, 0x231eb28
tgtd: [12:06:04.447615] conn_close(104) connection closed, 0x231eb28 1
tgtd: [12:06:07.201858] conn_init(68) connection open, 0x231eb28
tgtd: [12:06:07.452328] conn_close(104) connection closed, 0x231eb28 1
tgtd: [12:06:10.206502] conn_init(68) connection open, 0x231eb28
tgtd: [12:06:10.457073] conn_close(104) connection closed, 0x231eb28 1
tgtd: [12:06:13.211338] conn_init(68) connection open, 0x231eb28
tgtd: [12:06:13.461813] conn_close(104) connection closed, 0x231eb28 1
tgtd: [12:06:16.216079] conn_init(68) connection open, 0x231eb28
tgtd: [12:06:16.466535] conn_close(104) connection closed, 0x231eb28 1
tgtd: [12:06:19.220786] conn_init(68) connection open, 0x231eb28
tgtd: [12:06:19.471244] conn_close(104) connection closed, 0x231eb28 1
tgtd: [12:06:22.225485] conn_init(68) connection open, 0x231eb28
tgtd: [12:06:22.476084] conn_close(104) connection closed, 0x231eb28 1
tgtd: [12:06:25.230240] conn_init(68) connection open, 0x231eb28
tgtd: [12:06:25.480717] conn_close(104) connection closed, 0x231eb28 1
tgtd: [12:06:28.234975] conn_init(68) connection open, 0x231eb28
tgtd: [12:06:28.485464] conn_close(104) connection closed, 0x231eb28 1
tgtd: [12:06:31.239635] conn_init(68) connection open, 0x231eb28
tgtd: [12:06:31.490196] conn_close(104) connection closed, 0x231eb28 1
tgtd: [12:06:34.244238] conn_init(68) connection open, 0x231eb28
tgtd: [12:06:34.494677] conn_close(104) connection closed, 0x231eb28 1
tgtd: [12:06:37.248860] conn_init(68) connection open, 0x231eb28
tgtd: [12:06:37.499333] conn_close(104) connection closed, 0x231eb28 1
tgtd: [12:06:40.253370] conn_init(68) connection open, 0x231eb28
tgtd: [12:06:40.503911] conn_close(104) connection closed, 0x231eb28 1
tgtd: [12:06:43.258068] conn_init(68) connection open, 0x231eb28
tgtd: [12:06:43.508509] conn_close(104) connection closed, 0x231eb28 1
tgtd: [12:06:46.262711] conn_init(68) connection open, 0x231eb28
tgtd: [12:06:46.513191] conn_close(104) connection closed, 0x231eb28 1
tgtd: [12:06:49.267371] conn_init(68) connection open, 0x231eb28
tgtd: [12:06:49.517854] conn_close(104) connection closed, 0x231eb28 1
tgtd: [12:06:52.271928] conn_init(68) connection open, 0x231eb28
tgtd: [12:06:52.522442] conn_close(104) connection closed, 0x231eb28 1
tgtd: [12:06:55.276602] conn_init(68) connection open, 0x231eb28
tgtd: [12:06:55.527080] conn_close(104) connection closed, 0x231eb28 1
tgtd: [12:06:58.281306] conn_init(68) connection open, 0x231eb28
tgtd: [12:06:58.531771] conn_close(104) connection closed, 0x231eb28 1
tgtd: [12:07:01.285967] conn_init(68) connection open, 0x231eb28
tgtd: [12:07:01.536491] conn_close(104) connection closed, 0x231eb28 1
tgtd: [12:07:04.290680] conn_init(68) connection open, 0x231eb28
tgtd: [12:07:04.541586] conn_close(104) connection closed, 0x231eb28 1
tgtd: [12:07:07.295661] conn_init(68) connection open, 0x231eb28
tgtd: [12:07:07.546143] conn_close(104) connection closed, 0x231eb28 1
tgtd: [12:07:10.300343] conn_init(68) connection open, 0x231eb28
tgtd: [12:07:10.550844] conn_close(104) connection closed, 0x231eb28 1
tgtd: [12:07:13.305016] conn_init(68) connection open, 0x231eb28
tgtd: [12:07:13.555486] conn_close(104) connection closed, 0x231eb28 1
tgtd: [12:07:16.309634] conn_init(68) connection open, 0x231eb28
tgtd: [12:07:16.560109] conn_close(104) connection closed, 0x231eb28 1
tgtd: [12:07:19.314256] conn_init(68) connection open, 0x231eb28
tgtd: [12:07:19.564821] conn_close(104) connection closed, 0x231eb28 1
tgtd: [12:07:22.319023] conn_init(68) connection open, 0x231eb28
tgtd: [12:07:22.569579] conn_close(104) connection closed, 0x231eb28 1
tgtd: [12:07:25.323772] conn_init(68) connection open, 0x231eb28
tgtd: [12:07:25.574231] conn_close(104) connection closed, 0x231eb28 1
tgtd: [12:07:28.328413] conn_init(68) connection open, 0x231eb28
tgtd: [12:07:28.578864] conn_close(104) connection closed, 0x231eb28 1
tgtd: [12:07:31.333014] conn_init(68) connection open, 0x231eb28
tgtd: [12:07:31.583650] conn_close(104) connection closed, 0x231eb28 1
tgtd: [12:07:34.337846] conn_init(68) connection open, 0x231eb28
tgtd: [12:07:34.588345] conn_close(104) connection closed, 0x231eb28 1
tgtd: [12:07:37.342528] conn_init(68) connection open, 0x231eb28
tgtd: [12:07:37.593044] conn_close(104) connection closed, 0x231eb28 1
tgtd: [12:07:40.347223] conn_init(68) connection open, 0x231eb28
tgtd: [12:07:40.597728] conn_close(104) connection closed, 0x231eb28 1
tgtd: [12:07:43.351880] conn_init(68) connection open, 0x231eb28
tgtd: [12:07:43.602461] conn_close(104) connection closed, 0x231eb28 1
tgtd: [12:07:46.362068] conn_init(68) connection open, 0x231eb28
tgtd: [12:07:46.612661] conn_close(104) connection closed, 0x231eb28 1
tgtd: [12:07:49.366726] conn_init(68) connection open, 0x231eb28
tgtd: [12:07:49.617235] conn_close(104) connection closed, 0x231eb28 1
tgtd: [12:07:52.371332] conn_init(68) connection open, 0x231eb28
tgtd: [12:07:52.621843] conn_close(104) connection closed, 0x231eb28 1
tgtd: [12:07:55.375988] conn_init(68) connection open, 0x231eb28
tgtd: [12:07:55.626517] conn_close(104) connection closed, 0x231eb28 1
tgtd: [12:07:58.380605] conn_init(68) connection open, 0x231eb28
tgtd: [12:07:58.631130] conn_close(104) connection closed, 0x231eb28 1
tgtd: [12:08:01.385200] conn_init(68) connection open, 0x231eb28
tgtd: [12:08:01.635711] conn_close(104) connection closed, 0x231eb28 1
tgtd: [12:08:04.389896] conn_init(68) connection open, 0x231eb28
tgtd: [12:08:04.640922] conn_close(104) connection closed, 0x231eb28 1
tgtd: [12:08:07.394945] conn_init(68) connection open, 0x231eb28
tgtd: [12:08:07.645568] conn_close(104) connection closed, 0x231eb28 1
tgtd: [12:08:10.399760] conn_init(68) connection open, 0x231eb28
tgtd: [12:08:10.650297] conn_close(104) connection closed, 0x231eb28 1
tgtd: [12:08:13.404470] conn_init(68) connection open, 0x231eb28
tgtd: [12:08:13.654958] conn_close(104) connection closed, 0x231eb28 1
tgtd: [12:08:16.409089] conn_init(68) connection open, 0x231eb28
tgtd: [12:08:16.659558] conn_close(104) connection closed, 0x231eb28 1
tgtd: [12:08:19.413723] conn_init(68) connection open, 0x231eb28
tgtd: [12:08:19.664155] conn_close(104) connection closed, 0x231eb28 1
tgtd: [12:08:22.418220] conn_init(68) connection open, 0x231eb28
tgtd: [12:08:22.668758] conn_close(104) connection closed, 0x231eb28 1
tgtd: [12:08:25.422857] conn_init(68) connection open, 0x231eb28
tgtd: [12:08:25.673310] conn_close(104) connection closed, 0x231eb28 1
tgtd: [12:08:28.427367] conn_init(68) connection open, 0x231eb28
tgtd: [12:08:28.677829] conn_close(104) connection closed, 0x231eb28 1
tgtd: [12:08:31.431903] conn_init(68) connection open, 0x231eb28
tgtd: [12:08:31.682397] conn_close(104) connection closed, 0x231eb28 1
tgtd: [12:08:34.436592] conn_init(68) connection open, 0x231eb28
tgtd: [12:08:34.687080] conn_close(104) connection closed, 0x231eb28 1
tgtd: [12:08:37.441285] conn_init(68) connection open, 0x231eb28
tgtd: [12:08:37.691757] conn_close(104) connection closed, 0x231eb28 1
tgtd: [12:08:40.446052] conn_init(68) connection open, 0x231eb28
tgtd: [12:08:40.696554] conn_close(104) connection closed, 0x231eb28 1
tgtd: [12:08:43.450762] conn_init(68) connection open, 0x231eb28
tgtd: [12:08:43.701244] conn_close(104) connection closed, 0x231eb28 1
tgtd: [12:08:46.455386] conn_init(68) connection open, 0x231eb28
tgtd: [12:08:46.705868] conn_close(104) connection closed, 0x231eb28 1
tgtd: [12:08:49.460123] conn_init(68) connection open, 0x231eb28
tgtd: [12:08:49.710572] conn_close(104) connection closed, 0x231eb28 1
tgtd: [12:08:52.464820] conn_init(68) connection open, 0x231eb28
tgtd: [12:08:52.715334] conn_close(104) connection closed, 0x231eb28 1
tgtd: [12:08:55.469528] conn_init(68) connection open, 0x231eb28
tgtd: [12:08:55.720009] conn_close(104) connection closed, 0x231eb28 1
tgtd: [12:08:58.474197] conn_init(68) connection open, 0x231eb28
tgtd: [12:08:58.724690] conn_close(104) connection closed, 0x231eb28 1
tgtd: [12:09:01.478938] conn_init(68) connection open, 0x231eb28
tgtd: [12:09:01.729495] conn_close(104) connection closed, 0x231eb28 1
tgtd: [12:09:04.483656] conn_init(68) connection open, 0x231eb28
tgtd: [12:09:04.734570] conn_close(104) connection closed, 0x231eb28 1
tgtd: [12:09:07.488733] conn_init(68) connection open, 0x231eb28
tgtd: [12:09:07.739203] conn_close(104) connection closed, 0x231eb28 1
tgtd: [12:09:10.493406] conn_init(68) connection open, 0x231eb28
tgtd: [12:09:10.743977] conn_close(104) connection closed, 0x231eb28 1
tgtd: [12:09:13.498103] conn_init(68) connection open, 0x231eb28
tgtd: [12:09:13.748574] conn_close(104) connection closed, 0x231eb28 1
tgtd: [12:09:16.502666] conn_init(68) connection open, 0x231eb28
tgtd: [12:09:16.753185] conn_close(104) connection closed, 0x231eb28 1
tgtd: [12:09:19.507329] conn_init(68) connection open, 0x231eb28
tgtd: [12:09:19.757821] conn_close(104) connection closed, 0x231eb28 1
tgtd: [12:09:22.511935] conn_init(68) connection open, 0x231eb28
tgtd: [12:09:22.762488] conn_close(104) connection closed, 0x231eb28 1
tgtd: [12:09:25.516675] conn_init(68) connection open, 0x231eb28
tgtd: [12:09:25.767147] conn_close(104) connection closed, 0x231eb28 1
tgtd: [12:09:28.521288] conn_init(68) connection open, 0x231eb28
tgtd: [12:09:28.771758] conn_close(104) connection closed, 0x231eb28 1
tgtd: [12:09:31.525945] conn_init(68) connection open, 0x231eb28
tgtd: [12:09:31.776490] conn_close(104) connection closed, 0x231eb28 1
tgtd: [12:09:34.530659] conn_init(68) connection open, 0x231eb28
tgtd: [12:09:34.781140] conn_close(104) connection closed, 0x231eb28 1
tgtd: [12:09:37.535296] conn_init(68) connection open, 0x231eb28
tgtd: [12:09:37.785797] conn_close(104) connection closed, 0x231eb28 1
tgtd: [12:09:40.539915] conn_init(68) connection open, 0x231eb28
tgtd: [12:09:40.790431] conn_close(104) connection closed, 0x231eb28 1
tgtd: [12:09:43.544637] conn_init(68) connection open, 0x231eb28
tgtd: [12:09:43.795106] conn_close(104) connection closed, 0x231eb28 1
tgtd: [12:09:46.549308] conn_init(68) connection open, 0x231eb28
tgtd: [12:09:46.799787] conn_close(104) connection closed, 0x231eb28 1
tgtd: [12:09:49.553972] conn_init(68) connection open, 0x231eb28
tgtd: [12:09:49.804481] conn_close(104) connection closed, 0x231eb28 1
tgtd: [12:09:52.564020] conn_init(68) connection open, 0x231eb28
tgtd: [12:09:52.814626] conn_close(104) connection closed, 0x231eb28 1
tgtd: [12:09:55.574127] conn_init(68) connection open, 0x231eb28
tgtd: [12:09:55.824663] conn_close(104) connection closed, 0x231eb28 1
tgtd: [12:09:58.584168] conn_init(68) connection open, 0x231eb28
tgtd: [12:09:58.834699] conn_close(104) connection closed, 0x231eb28 1
tgtd: [12:10:01.594152] conn_init(68) connection open, 0x231eb28
tgtd: [12:10:01.844655] conn_close(104) connection closed, 0x231eb28 1
tgtd: [12:10:04.604140] conn_init(68) connection open, 0x231eb28
tgtd: [12:10:04.855098] conn_close(104) connection closed, 0x231eb28 1
tgtd: [12:10:07.609345] conn_init(68) connection open, 0x231eb28
tgtd: [12:10:07.859823] conn_close(104) connection closed, 0x231eb28 1
tgtd: [12:10:10.613996] conn_init(68) connection open, 0x231eb28
tgtd: [12:10:10.864577] conn_close(104) connection closed, 0x231eb28 1
tgtd: [12:10:13.618778] conn_init(68) connection open, 0x231eb28
tgtd: [12:10:13.869235] conn_close(104) connection closed, 0x231eb28 1
tgtd: [12:10:16.623345] conn_init(68) connection open, 0x231eb28
tgtd: [12:10:16.873821] conn_close(104) connection closed, 0x231eb28 1
tgtd: [12:10:19.628048] conn_init(68) connection open, 0x231eb28
tgtd: [12:10:19.878521] conn_close(104) connection closed, 0x231eb28 1
tgtd: [12:10:22.632776] conn_init(68) connection open, 0x231eb28
tgtd: [12:10:22.883352] conn_close(104) connection closed, 0x231eb28 1
tgtd: [12:10:25.637491] conn_init(68) connection open, 0x231eb28
tgtd: [12:10:25.888021] conn_close(104) connection closed, 0x231eb28 1
tgtd: [12:10:28.642185] conn_init(68) connection open, 0x231eb28
tgtd: [12:10:28.892674] conn_close(104) connection closed, 0x231eb28 1
tgtd: [12:10:31.646920] conn_init(68) connection open, 0x231eb28
tgtd: [12:10:31.897435] conn_close(104) connection closed, 0x231eb28 1
tgtd: [12:10:34.651613] conn_init(68) connection open, 0x231eb28
tgtd: [12:10:34.902112] conn_close(104) connection closed, 0x231eb28 1
tgtd: [12:10:37.656298] conn_init(68) connection open, 0x231eb28
tgtd: [12:10:37.906780] conn_close(104) connection closed, 0x231eb28 1
tgtd: [12:10:40.661029] conn_init(68) connection open, 0x231eb28
tgtd: [12:10:40.911533] conn_close(104) connection closed, 0x231eb28 1
tgtd: [12:10:43.665831] conn_init(68) connection open, 0x231eb28
tgtd: [12:10:43.916312] conn_close(104) connection closed, 0x231eb28 1
tgtd: [12:10:46.670491] conn_init(68) connection open, 0x231eb28
tgtd: [12:10:46.920989] conn_close(104) connection closed, 0x231eb28 1
tgtd: [12:10:49.675180] conn_init(68) connection open, 0x231eb28
tgtd: [12:10:49.925646] conn_close(104) connection closed, 0x231eb28 1
tgtd: [12:10:52.679938] conn_init(68) connection open, 0x231eb28
tgtd: [12:10:52.930483] conn_close(104) connection closed, 0x231eb28 1
tgtd: [12:10:55.684680] conn_init(68) connection open, 0x231eb28
tgtd: [12:10:55.935171] conn_close(104) connection closed, 0x231eb28 1
tgtd: [12:10:58.689372] conn_init(68) connection open, 0x231eb28
tgtd: [12:10:58.939867] conn_close(104) connection closed, 0x231eb28 1
tgtd: [12:11:01.694026] conn_init(68) connection open, 0x231eb28
tgtd: [12:11:01.944540] conn_close(104) connection closed, 0x231eb28 1
tgtd: [12:11:04.698688] conn_init(68) connection open, 0x231eb28
tgtd: [12:11:04.949660] conn_close(104) connection closed, 0x231eb28 1
tgtd: [12:11:07.703915] conn_init(68) connection open, 0x231eb28
tgtd: [12:11:07.954373] conn_close(104) connection closed, 0x231eb28 1
tgtd: [12:11:10.708675] conn_init(68) connection open, 0x231eb28
tgtd: [12:11:10.959244] conn_close(104) connection closed, 0x231eb28 1
tgtd: [12:11:13.713467] conn_init(68) connection open, 0x231eb28
tgtd: [12:11:13.963966] conn_close(104) connection closed, 0x231eb28 1
tgtd: [12:11:16.718187] conn_init(68) connection open, 0x231eb28
tgtd: [12:11:16.968647] conn_close(104) connection closed, 0x231eb28 1
tgtd: [12:11:19.722845] conn_init(68) connection open, 0x231eb28
tgtd: [12:11:19.973304] conn_close(104) connection closed, 0x231eb28 1
tgtd: [12:11:22.727536] conn_init(68) connection open, 0x231eb28
tgtd: [12:11:22.978104] conn_close(104) connection closed, 0x231eb28 1
tgtd: [12:11:25.732259] conn_init(68) connection open, 0x231eb28
tgtd: [12:11:25.982734] conn_close(104) connection closed, 0x231eb28 1
tgtd: [12:11:28.736907] conn_init(68) connection open, 0x231eb28
tgtd: [12:11:28.987384] conn_close(104) connection closed, 0x231eb28 1
tgtd: [12:11:31.741531] conn_init(68) connection open, 0x231eb28
tgtd: [12:11:31.992096] conn_close(104) connection closed, 0x231eb28 1
tgtd: [12:11:34.746280] conn_init(68) connection open, 0x231eb28
tgtd: [12:11:34.996786] conn_close(104) connection closed, 0x231eb28 1
tgtd: [12:11:37.750926] conn_init(68) connection open, 0x231eb28
tgtd: [12:11:38.001392] conn_close(104) connection closed, 0x231eb28 1
tgtd: [12:11:40.755392] conn_init(68) connection open, 0x231eb28
tgtd: [12:11:41.005968] conn_close(104) connection closed, 0x231eb28 1
tgtd: [12:11:43.760132] conn_init(68) connection open, 0x231eb28
tgtd: [12:11:44.010603] conn_close(104) connection closed, 0x231eb28 1
tgtd: [12:11:46.764766] conn_init(68) connection open, 0x231eb28
tgtd: [12:11:47.015248] conn_close(104) connection closed, 0x231eb28 1
tgtd: [12:11:49.769402] conn_init(68) connection open, 0x231eb28
tgtd: [12:11:50.019793] conn_close(104) connection closed, 0x231eb28 1
tgtd: [12:11:52.773993] conn_init(68) connection open, 0x231eb28
tgtd: [12:11:53.024510] conn_close(104) connection closed, 0x231eb28 1
tgtd: [12:11:55.778688] conn_init(68) connection open, 0x231eb28
tgtd: [12:11:56.029151] conn_close(104) connection closed, 0x231eb28 1
tgtd: [12:11:58.783335] conn_init(68) connection open, 0x231eb28
tgtd: [12:11:59.033821] conn_close(104) connection closed, 0x231eb28 1
tgtd: [12:12:01.788052] conn_init(68) connection open, 0x231eb28
tgtd: [12:12:02.038563] conn_close(104) connection closed, 0x231eb28 1
tgtd: [12:12:04.792749] conn_init(68) connection open, 0x231eb28
tgtd: [12:12:05.043723] conn_close(104) connection closed, 0x231eb28 1
tgtd: [12:12:07.798001] conn_init(68) connection open, 0x231eb28
tgtd: [12:12:08.048479] conn_close(104) connection closed, 0x231eb28 1
tgtd: [12:12:10.802571] conn_init(68) connection open, 0x231eb28
tgtd: [12:12:11.053142] conn_close(104) connection closed, 0x231eb28 1
tgtd: [12:12:13.807350] conn_init(68) connection open, 0x231eb28
tgtd: [12:12:14.057813] conn_close(104) connection closed, 0x231eb28 1
tgtd: [12:12:16.812020] conn_init(68) connection open, 0x231eb28
tgtd: [12:12:17.062494] conn_close(104) connection closed, 0x231eb28 1
tgtd: [12:12:19.816643] conn_init(68) connection open, 0x231eb28
tgtd: [12:12:20.067209] conn_close(104) connection closed, 0x231eb28 1
tgtd: [12:12:22.821366] conn_init(68) connection open, 0x231eb28
tgtd: [12:12:23.071863] conn_close(104) connection closed, 0x231eb28 1
tgtd: [12:12:25.826076] conn_init(68) connection open, 0x231eb28
tgtd: [12:12:26.076549] conn_close(104) connection closed, 0x231eb28 1
tgtd: [12:12:28.830728] conn_init(68) connection open, 0x231eb28
tgtd: [12:12:29.081221] conn_close(104) connection closed, 0x231eb28 1
tgtd: [12:12:31.835407] conn_init(68) connection open, 0x231eb28
tgtd: [12:12:32.085930] conn_close(104) connection closed, 0x231eb28 1
tgtd: [12:12:34.840059] conn_init(68) connection open, 0x231eb28
tgtd: [12:12:35.090528] conn_close(104) connection closed, 0x231eb28 1
tgtd: [12:12:37.844689] conn_init(68) connection open, 0x231eb28
tgtd: [12:12:38.095178] conn_close(104) connection closed, 0x231eb28 1
tgtd: [12:12:40.849364] conn_init(68) connection open, 0x231eb28
tgtd: [12:12:41.099907] conn_close(104) connection closed, 0x231eb28 1
tgtd: [12:12:43.854063] conn_init(68) connection open, 0x231eb28
tgtd: [12:12:44.104528] conn_close(104) connection closed, 0x231eb28 1
tgtd: [12:12:46.858620] conn_init(68) connection open, 0x231eb28
tgtd: [12:12:47.109113] conn_close(104) connection closed, 0x231eb28 1
tgtd: [12:12:49.863326] conn_init(68) connection open, 0x231eb28
tgtd: [12:12:50.113926] conn_close(104) connection closed, 0x231eb28 1
tgtd: [12:12:52.868027] conn_init(68) connection open, 0x231eb28
tgtd: [12:12:53.118550] conn_close(104) connection closed, 0x231eb28 1
tgtd: [12:12:55.872667] conn_init(68) connection open, 0x231eb28
tgtd: [12:12:56.123149] conn_close(104) connection closed, 0x231eb28 1
tgtd: [12:12:58.877372] conn_init(68) connection open, 0x231eb28
tgtd: [12:12:59.127851] conn_close(104) connection closed, 0x231eb28 1
tgtd: [12:13:01.882086] conn_init(68) connection open, 0x231eb28
tgtd: [12:13:02.132567] conn_close(104) connection closed, 0x231eb28 1
tgtd: [12:13:04.886642] conn_init(68) connection open, 0x231eb28
tgtd: [12:13:05.137514] conn_close(104) connection closed, 0x231eb28 1
tgtd: [12:13:07.891722] conn_init(68) connection open, 0x231eb28
tgtd: [12:13:08.142209] conn_close(104) connection closed, 0x231eb28 1
tgtd: [12:13:10.896441] conn_init(68) connection open, 0x231eb28
tgtd: [12:13:11.146996] conn_close(104) connection closed, 0x231eb28 1
tgtd: [12:13:13.901209] conn_init(68) connection open, 0x231eb28
tgtd: [12:13:14.151664] conn_close(104) connection closed, 0x231eb28 1
tgtd: [12:13:16.905769] conn_init(68) connection open, 0x231eb28
tgtd: [12:13:17.156260] conn_close(104) connection closed, 0x231eb28 1
tgtd: [12:13:19.910245] conn_init(68) connection open, 0x231eb28
tgtd: [12:13:20.160779] conn_close(104) connection closed, 0x231eb28 1
tgtd: [12:13:22.914751] conn_init(68) connection open, 0x231eb28
tgtd: [12:13:23.165270] conn_close(104) connection closed, 0x231eb28 1
tgtd: [12:13:25.919173] conn_init(68) connection open, 0x231eb28
tgtd: [12:13:26.169716] conn_close(104) connection closed, 0x231eb28 1
tgtd: [12:13:28.923845] conn_init(68) connection open, 0x231eb28
tgtd: [12:13:29.174406] conn_close(104) connection closed, 0x231eb28 1
tgtd: [12:13:31.928602] conn_init(68) connection open, 0x231eb28
tgtd: [12:13:32.179175] conn_close(104) connection closed, 0x231eb28 1
tgtd: [12:13:34.933345] conn_init(68) connection open, 0x231eb28
tgtd: [12:13:35.183822] conn_close(104) connection closed, 0x231eb28 1
tgtd: [12:13:37.938066] conn_init(68) connection open, 0x231eb28
tgtd: [12:13:38.188507] conn_close(104) connection closed, 0x231eb28 1
tgtd: [12:13:40.948073] conn_init(68) connection open, 0x231eb28
tgtd: [12:13:41.198567] conn_close(104) connection closed, 0x231eb28 1
tgtd: [12:13:43.958098] conn_init(68) connection open, 0x231eb28
tgtd: [12:13:44.208614] conn_close(104) connection closed, 0x231eb28 1
tgtd: [12:13:46.968109] conn_init(68) connection open, 0x231eb28
tgtd: [12:13:47.218611] conn_close(104) connection closed, 0x231eb28 1
tgtd: [12:13:49.978114] conn_init(68) connection open, 0x231eb28
tgtd: [12:13:50.228617] conn_close(104) connection closed, 0x231eb28 1
tgtd: [12:13:52.987872] conn_init(68) connection open, 0x231eb28
tgtd: [12:13:53.238362] conn_close(104) connection closed, 0x231eb28 1
tgtd: [12:13:55.997711] conn_init(68) connection open, 0x231eb28
tgtd: [12:13:56.248245] conn_close(104) connection closed, 0x231eb28 1
tgtd: [12:13:59.007603] conn_init(68) connection open, 0x231eb28
tgtd: [12:13:59.258141] conn_close(104) connection closed, 0x231eb28 1
tgtd: [12:14:02.017466] conn_init(68) connection open, 0x231eb28
tgtd: [12:14:02.268067] conn_close(104) connection closed, 0x231eb28 1
tgtd: [12:14:05.027491] conn_init(68) connection open, 0x231eb28
tgtd: [12:14:05.278495] conn_close(104) connection closed, 0x231eb28 1
tgtd: [12:14:08.032611] conn_init(68) connection open, 0x231eb28
tgtd: [12:14:08.283180] conn_close(104) connection closed, 0x231eb28 1
tgtd: [12:14:11.037425] conn_init(68) connection open, 0x231eb28
tgtd: [12:14:11.287885] conn_close(104) connection closed, 0x231eb28 1
tgtd: [12:14:14.042083] conn_init(68) connection open, 0x231eb28
tgtd: [12:14:14.292530] conn_close(104) connection closed, 0x231eb28 1
tgtd: [12:14:17.046679] conn_init(68) connection open, 0x231eb28
tgtd: [12:14:17.297179] conn_close(104) connection closed, 0x231eb28 1
tgtd: [12:14:20.051308] conn_init(68) connection open, 0x231eb28
tgtd: [12:14:20.301880] conn_close(104) connection closed, 0x231eb28 1
tgtd: [12:14:23.056136] conn_init(68) connection open, 0x231eb28
tgtd: [12:14:23.306643] conn_close(104) connection closed, 0x231eb28 1
tgtd: [12:14:26.060883] conn_init(68) connection open, 0x231eb28
tgtd: [12:14:26.311352] conn_close(104) connection closed, 0x231eb28 1
tgtd: [12:14:29.065456] conn_init(68) connection open, 0x231eb28
tgtd: [12:14:29.315929] conn_close(104) connection closed, 0x231eb28 1
tgtd: [12:14:32.070063] conn_init(68) connection open, 0x231eb28
tgtd: [12:14:32.320588] conn_close(104) connection closed, 0x231eb28 1
tgtd: [12:14:35.074749] conn_init(68) connection open, 0x231eb28
tgtd: [12:14:35.325225] conn_close(104) connection closed, 0x231eb28 1
tgtd: [12:14:38.079370] conn_init(68) connection open, 0x231eb28
tgtd: [12:14:38.329861] conn_close(104) connection closed, 0x231eb28 1
tgtd: [12:14:41.084098] conn_init(68) connection open, 0x231eb28
tgtd: [12:14:41.334609] conn_close(104) connection closed, 0x231eb28 1
tgtd: [12:14:44.088724] conn_init(68) connection open, 0x231eb28
tgtd: [12:14:44.339198] conn_close(104) connection closed, 0x231eb28 1
tgtd: [12:14:47.093384] conn_init(68) connection open, 0x231eb28
tgtd: [12:14:47.343869] conn_close(104) connection closed, 0x231eb28 1
tgtd: [12:14:50.098648] conn_init(68) connection open, 0x231eb28
tgtd: [12:14:50.349219] conn_close(104) connection closed, 0x231eb28 1
tgtd: [12:14:53.103342] conn_init(68) connection open, 0x231eb28
tgtd: [12:14:53.353790] conn_close(104) connection closed, 0x231eb28 1
tgtd: [12:14:56.108362] conn_init(68) connection open, 0x231eb28
tgtd: [12:14:56.358848] conn_close(104) connection closed, 0x231eb28 1
tgtd: [12:14:59.113085] conn_init(68) connection open, 0x231eb28
tgtd: [12:14:59.363559] conn_close(104) connection closed, 0x231eb28 1
tgtd: [12:15:02.117656] conn_init(68) connection open, 0x231eb28
tgtd: [12:15:02.368218] conn_close(104) connection closed, 0x231eb28 1
tgtd: [12:15:05.122355] conn_init(68) connection open, 0x231eb28
tgtd: [12:15:05.373180] conn_close(104) connection closed, 0x231eb28 1
tgtd: [12:15:08.127832] conn_init(68) connection open, 0x231eb28
tgtd: [12:15:08.378309] conn_close(104) connection closed, 0x231eb28 1
tgtd: [12:15:11.132460] conn_init(68) connection open, 0x231eb28
tgtd: [12:15:11.383029] conn_close(104) connection closed, 0x231eb28 1
tgtd: [12:15:14.137210] conn_init(68) connection open, 0x231eb28
tgtd: [12:15:14.387689] conn_close(104) connection closed, 0x231eb28 1
tgtd: [12:15:17.141909] conn_init(68) connection open, 0x231eb28
tgtd: [12:15:17.392345] conn_close(104) connection closed, 0x231eb28 1
tgtd: [12:15:20.146521] conn_init(68) connection open, 0x231eb28
tgtd: [12:15:20.397110] conn_close(104) connection closed, 0x231eb28 1
tgtd: [12:15:23.151371] conn_init(68) connection open, 0x231eb28
tgtd: [12:15:23.401829] conn_close(104) connection closed, 0x231eb28 1
tgtd: [12:15:26.156030] conn_init(68) connection open, 0x231eb28
tgtd: [12:15:26.406492] conn_close(104) connection closed, 0x231eb28 1
tgtd: [12:15:29.160633] conn_init(68) connection open, 0x231eb28
tgtd: [12:15:29.411126] conn_close(104) connection closed, 0x231eb28 1
tgtd: [12:15:32.165331] conn_init(68) connection open, 0x231eb28
tgtd: [12:15:32.415857] conn_close(104) connection closed, 0x231eb28 1
tgtd: [12:15:35.170100] conn_init(68) connection open, 0x231eb28
tgtd: [12:15:35.420596] conn_close(104) connection closed, 0x231eb28 1
tgtd: [12:15:38.174782] conn_init(68) connection open, 0x231eb28
tgtd: [12:15:38.425255] conn_close(104) connection closed, 0x231eb28 1
tgtd: [12:15:41.179374] conn_init(68) connection open, 0x231eb28
tgtd: [12:15:41.429937] conn_close(104) connection closed, 0x231eb28 1
tgtd: [12:15:44.184061] conn_init(68) connection open, 0x231eb28
tgtd: [12:15:44.434542] conn_close(104) connection closed, 0x231eb28 1
tgtd: [12:15:47.188638] conn_init(68) connection open, 0x231eb28
tgtd: [12:15:47.439149] conn_close(104) connection closed, 0x231eb28 1
tgtd: [12:15:50.193316] conn_init(68) connection open, 0x231eb28
tgtd: [12:15:50.443871] conn_close(104) connection closed, 0x231eb28 1
tgtd: [12:15:53.197989] conn_init(68) connection open, 0x231eb28
tgtd: [12:15:53.448469] conn_close(104) connection closed, 0x231eb28 1
tgtd: [12:15:56.208069] conn_init(68) connection open, 0x231eb28
tgtd: [12:15:56.458562] conn_close(104) connection closed, 0x231eb28 1
tgtd: [12:15:59.218052] conn_init(68) connection open, 0x231eb28
tgtd: [12:15:59.468518] conn_close(104) connection closed, 0x231eb28 1
tgtd: [12:16:02.227946] conn_init(68) connection open, 0x231eb28
tgtd: [12:16:02.478440] conn_close(104) connection closed, 0x231eb28 1
tgtd: [12:16:05.237903] conn_init(68) connection open, 0x231eb28
tgtd: [12:16:05.488908] conn_close(104) connection closed, 0x231eb28 1
tgtd: [12:16:08.243073] conn_init(68) connection open, 0x231eb28
tgtd: [12:16:08.493546] conn_close(104) connection closed, 0x231eb28 1
tgtd: [12:16:11.247749] conn_init(68) connection open, 0x231eb28
tgtd: [12:16:11.498247] conn_close(104) connection closed, 0x231eb28 1
tgtd: [12:16:14.252240] conn_init(68) connection open, 0x231eb28
tgtd: [12:16:14.502712] conn_close(104) connection closed, 0x231eb28 1
tgtd: [12:16:17.256864] conn_init(68) connection open, 0x231eb28
tgtd: [12:16:17.507328] conn_close(104) connection closed, 0x231eb28 1
tgtd: [12:16:20.261275] conn_init(68) connection open, 0x231eb28
tgtd: [12:16:20.511788] conn_close(104) connection closed, 0x231eb28 1
tgtd: [12:16:23.265977] conn_init(68) connection open, 0x231eb28
tgtd: [12:16:23.516451] conn_close(104) connection closed, 0x231eb28 1
tgtd: [12:16:26.270581] conn_init(68) connection open, 0x231eb28
tgtd: [12:16:26.521078] conn_close(104) connection closed, 0x231eb28 1
tgtd: [12:16:29.275187] conn_init(68) connection open, 0x231eb28
tgtd: [12:16:29.525630] conn_close(104) connection closed, 0x231eb28 1
tgtd: [12:16:32.279663] conn_init(68) connection open, 0x231eb28
tgtd: [12:16:32.530211] conn_close(104) connection closed, 0x231eb28 1
tgtd: [12:16:35.284412] conn_init(68) connection open, 0x231eb28
tgtd: [12:16:35.534884] conn_close(104) connection closed, 0x231eb28 1
tgtd: [12:16:38.289085] conn_init(68) connection open, 0x231eb28
tgtd: [12:16:38.539509] conn_close(104) connection closed, 0x231eb28 1
tgtd: [12:16:41.293586] conn_init(68) connection open, 0x231eb28
tgtd: [12:16:41.544131] conn_close(104) connection closed, 0x231eb28 1
tgtd: [12:16:44.298181] conn_init(68) connection open, 0x231eb28
tgtd: [12:16:44.548655] conn_close(104) connection closed, 0x231eb28 1
tgtd: [12:16:47.302765] conn_init(68) connection open, 0x231eb28
tgtd: [12:16:47.553219] conn_close(104) connection closed, 0x231eb28 1
tgtd: [12:16:50.307312] conn_init(68) connection open, 0x231eb28
tgtd: [12:16:50.557849] conn_close(104) connection closed, 0x231eb28 1
tgtd: [12:16:53.311998] conn_init(68) connection open, 0x231eb28
tgtd: [12:16:53.562498] conn_close(104) connection closed, 0x231eb28 1
tgtd: [12:16:56.316538] conn_init(68) connection open, 0x231eb28
tgtd: [12:16:56.567017] conn_close(104) connection closed, 0x231eb28 1
tgtd: [12:16:59.321174] conn_init(68) connection open, 0x231eb28
tgtd: [12:16:59.571628] conn_close(104) connection closed, 0x231eb28 1
tgtd: [12:17:02.325744] conn_init(68) connection open, 0x231eb28
tgtd: [12:17:02.576272] conn_close(104) connection closed, 0x231eb28 1
tgtd: [12:17:05.330332] conn_init(68) connection open, 0x231eb28
tgtd: [12:17:05.581301] conn_close(104) connection closed, 0x231eb28 1
tgtd: [12:17:08.335467] conn_init(68) connection open, 0x231eb28
tgtd: [12:17:08.585942] conn_close(104) connection closed, 0x231eb28 1
tgtd: [12:17:11.340109] conn_init(68) connection open, 0x231eb28
tgtd: [12:17:11.590622] conn_close(104) connection closed, 0x231eb28 1
tgtd: [12:17:14.344850] conn_init(68) connection open, 0x231eb28
tgtd: [12:17:14.595325] conn_close(104) connection closed, 0x231eb28 1
tgtd: [12:17:17.349454] conn_init(68) connection open, 0x231eb28
tgtd: [12:17:17.599953] conn_close(104) connection closed, 0x231eb28 1
tgtd: [12:17:20.354098] conn_init(68) connection open, 0x231eb28
tgtd: [12:17:20.604643] conn_close(104) connection closed, 0x231eb28 1
tgtd: [12:17:23.358771] conn_init(68) connection open, 0x231eb28
tgtd: [12:17:23.609315] conn_close(104) connection closed, 0x231eb28 1
tgtd: [12:17:26.363503] conn_init(68) connection open, 0x231eb28
tgtd: [12:17:26.613959] conn_close(104) connection closed, 0x231eb28 1
tgtd: [12:17:29.368164] conn_init(68) connection open, 0x231eb28
tgtd: [12:17:29.618635] conn_close(104) connection closed, 0x231eb28 1
tgtd: [12:17:32.372876] conn_init(68) connection open, 0x231eb28
tgtd: [12:17:32.623402] conn_close(104) connection closed, 0x231eb28 1
tgtd: [12:17:35.377470] conn_init(68) connection open, 0x231eb28
tgtd: [12:17:35.628097] conn_close(104) connection closed, 0x231eb28 1
tgtd: [12:17:38.382244] conn_init(68) connection open, 0x231eb28
tgtd: [12:17:38.632705] conn_close(104) connection closed, 0x231eb28 1
tgtd: [12:17:41.386888] conn_init(68) connection open, 0x231eb28
tgtd: [12:17:41.637438] conn_close(104) connection closed, 0x231eb28 1
tgtd: [12:17:44.391627] conn_init(68) connection open, 0x231eb28
tgtd: [12:17:44.642103] conn_close(104) connection closed, 0x231eb28 1
tgtd: [12:17:47.396242] conn_init(68) connection open, 0x231eb28
tgtd: [12:17:47.646764] conn_close(104) connection closed, 0x231eb28 1
tgtd: [12:17:50.401064] conn_init(68) connection open, 0x231eb28
tgtd: [12:17:50.651593] conn_close(104) connection closed, 0x231eb28 1
tgtd: [12:17:53.405764] conn_init(68) connection open, 0x231eb28
tgtd: [12:17:53.656259] conn_close(104) connection closed, 0x231eb28 1
tgtd: [12:17:56.410449] conn_init(68) connection open, 0x231eb28
tgtd: [12:17:56.660932] conn_close(104) connection closed, 0x231eb28 1
tgtd: [12:17:59.415060] conn_init(68) connection open, 0x231eb28
tgtd: [12:17:59.665535] conn_close(104) connection closed, 0x231eb28 1
tgtd: [12:18:02.419685] conn_init(68) connection open, 0x231eb28
tgtd: [12:18:02.670224] conn_close(104) connection closed, 0x231eb28 1
tgtd: [12:18:05.424401] conn_init(68) connection open, 0x231eb28
tgtd: [12:18:05.675314] conn_close(104) connection closed, 0x231eb28 1
tgtd: [12:18:08.429449] conn_init(68) connection open, 0x231eb28
tgtd: [12:18:08.679944] conn_close(104) connection closed, 0x231eb28 1
tgtd: [12:18:11.434142] conn_init(68) connection open, 0x231eb28
tgtd: [12:18:11.684677] conn_close(104) connection closed, 0x231eb28 1
tgtd: [12:18:14.438838] conn_init(68) connection open, 0x231eb28
tgtd: [12:18:14.689285] conn_close(104) connection closed, 0x231eb28 1
tgtd: [12:18:17.443470] conn_init(68) connection open, 0x231eb28
tgtd: [12:18:17.693929] conn_close(104) connection closed, 0x231eb28 1
tgtd: [12:18:20.447835] conn_init(68) connection open, 0x231eb28
tgtd: [12:18:20.698324] conn_close(104) connection closed, 0x231eb28 1
tgtd: [12:18:23.452252] conn_init(68) connection open, 0x231eb28
tgtd: [12:18:23.702791] conn_close(104) connection closed, 0x231eb28 1
tgtd: [12:18:26.456744] conn_init(68) connection open, 0x231edd8
tgtd: [12:18:26.707190] conn_close(104) connection closed, 0x231edd8 1
tgtd: [12:18:29.461151] conn_init(68) connection open, 0x2424368
tgtd: [12:18:29.711749] conn_close(104) connection closed, 0x2424368 1
tgtd: [12:18:32.465937] conn_init(68) connection open, 0x24612c8
tgtd: [12:18:32.716395] conn_close(104) connection closed, 0x24612c8 1
tgtd: [12:18:35.470343] conn_init(68) connection open, 0x231eb28
tgtd: [12:18:35.720811] conn_close(104) connection closed, 0x231eb28 1
tgtd: [12:18:38.474996] conn_init(68) connection open, 0x2754828
tgtd: [12:18:38.725557] conn_close(104) connection closed, 0x2754828 1
tgtd: [12:18:41.479583] conn_init(68) connection open, 0x231eb28
tgtd: [12:18:41.730044] conn_close(104) connection closed, 0x231eb28 1
tgtd: [12:18:44.484097] conn_init(68) connection open, 0x2fac018
tgtd: [12:18:44.734439] conn_close(104) connection closed, 0x2fac018 1
tgtd: [12:18:47.488640] conn_init(68) connection open, 0x2865ad8
tgtd: [12:18:47.739155] conn_close(104) connection closed, 0x2865ad8 1
tgtd: [12:18:50.493259] conn_init(68) connection open, 0x231edd8
tgtd: [12:18:50.743735] conn_close(104) connection closed, 0x231edd8 1
tgtd: [12:18:53.497799] conn_init(68) connection open, 0x2aa8018
tgtd: [12:18:53.748309] conn_close(104) connection closed, 0x2aa8018 1
tgtd: [12:18:56.502266] conn_init(68) connection open, 0x26f9578
tgtd: [12:18:56.752781] conn_close(104) connection closed, 0x26f9578 1
tgtd: [12:18:59.506630] conn_init(68) connection open, 0x231eb28
tgtd: [12:18:59.757119] conn_close(104) connection closed, 0x231eb28 1
tgtd: [12:19:02.510967] conn_init(68) connection open, 0x2501828
tgtd: [12:19:02.761505] conn_close(104) connection closed, 0x2501828 1
tgtd: [12:19:05.515427] conn_init(68) connection open, 0x24c0828
tgtd: [12:19:05.766413] conn_close(104) connection closed, 0x24c0828 1
tgtd: [12:19:08.520300] conn_init(68) connection open, 0x231eb28
tgtd: [12:19:08.770814] conn_close(104) connection closed, 0x231eb28 1
tgtd: [12:19:11.524923] conn_init(68) connection open, 0x2703ad8
tgtd: [12:19:11.775465] conn_close(104) connection closed, 0x2703ad8 1
tgtd: [12:19:14.535161] conn_init(68) connection open, 0x2744018
tgtd: [12:19:14.785840] conn_close(104) connection closed, 0x2744018 1
tgtd: [12:19:17.545295] conn_init(68) connection open, 0x241fd88
tgtd: [12:19:17.795972] conn_close(104) connection closed, 0x241fd88 1
tgtd: [12:19:20.555479] conn_init(68) connection open, 0x27a62c8
tgtd: [12:19:20.806203] conn_close(104) connection closed, 0x27a62c8 1
tgtd: [12:19:23.565667] conn_init(68) connection open, 0x231eb28
tgtd: [12:19:23.816384] conn_close(104) connection closed, 0x231eb28 1
tgtd: [12:19:26.575868] conn_init(68) connection open, 0x2622ad8
tgtd: [12:19:26.826642] conn_close(104) connection closed, 0x2622ad8 1
tgtd: [12:19:29.586724] conn_init(68) connection open, 0x2966018
tgtd: [12:19:29.837342] conn_close(104) connection closed, 0x2966018 1
tgtd: [12:19:32.591405] conn_init(68) connection open, 0x2421ad8
tgtd: [12:19:32.842158] conn_close(104) connection closed, 0x2421ad8 1
tgtd: [12:19:35.596226] conn_init(68) connection open, 0x231eb28
tgtd: [12:19:35.846894] conn_close(104) connection closed, 0x231eb28 1
tgtd: [12:19:38.606363] conn_init(68) connection open, 0x231eb28
tgtd: [12:19:38.857067] conn_close(104) connection closed, 0x231eb28 1
tgtd: [12:19:41.616572] conn_init(68) connection open, 0x231eb28
tgtd: [12:19:41.867323] conn_close(104) connection closed, 0x231eb28 1
tgtd: [12:19:44.626685] conn_init(68) connection open, 0x2324128
tgtd: [12:19:44.877386] conn_close(104) connection closed, 0x2324128 1
tgtd: [12:19:47.636755] conn_init(68) connection open, 0x23e7ad8
tgtd: [12:19:47.887427] conn_close(104) connection closed, 0x23e7ad8 1
tgtd: [12:19:50.641341] conn_init(68) connection open, 0x231eb28
tgtd: [12:19:50.891972] conn_close(104) connection closed, 0x231eb28 1
tgtd: [12:19:53.651504] conn_init(68) connection open, 0x25e2d88
tgtd: [12:19:53.902224] conn_close(104) connection closed, 0x25e2d88 1
tgtd: [12:19:56.661643] conn_init(68) connection open, 0x231eb28
tgtd: [12:19:56.912404] conn_close(104) connection closed, 0x231eb28 1
tgtd: [12:19:59.666471] conn_init(68) connection open, 0x231eb28
tgtd: [12:19:59.917218] conn_close(104) connection closed, 0x231eb28 1
tgtd: [12:20:02.671070] conn_init(68) connection open, 0x24a3ad8
tgtd: [12:20:02.921795] conn_close(104) connection closed, 0x24a3ad8 1
tgtd: [12:20:05.675757] conn_init(68) connection open, 0x24a3578
tgtd: [12:20:05.926678] conn_close(104) connection closed, 0x24a3578 1
tgtd: [12:20:08.680911] conn_init(68) connection open, 0x2712578
tgtd: [12:20:08.931402] conn_close(104) connection closed, 0x2712578 1
tgtd: [12:20:11.685550] conn_init(68) connection open, 0x231eb28
tgtd: [12:20:11.936055] conn_close(104) connection closed, 0x231eb28 1
tgtd: [12:20:14.690184] conn_init(68) connection open, 0x2727828
tgtd: [12:20:14.940704] conn_close(104) connection closed, 0x2727828 1
tgtd: [12:20:17.694937] conn_init(68) connection open, 0x231eb28
tgtd: [12:20:17.945392] conn_close(104) connection closed, 0x231eb28 1
tgtd: [12:20:20.699629] conn_init(68) connection open, 0x231eb28
tgtd: [12:20:20.950094] conn_close(104) connection closed, 0x231eb28 1
tgtd: [12:20:23.704409] conn_init(68) connection open, 0x231eb28
tgtd: [12:20:23.954804] conn_close(104) connection closed, 0x231eb28 1
tgtd: [12:20:26.709060] conn_init(68) connection open, 0x231eb28
tgtd: [12:20:26.959486] conn_close(104) connection closed, 0x231eb28 1
tgtd: [12:20:29.713739] conn_init(68) connection open, 0x231eb28
tgtd: [12:20:29.964182] conn_close(104) connection closed, 0x231eb28 1
tgtd: [12:20:32.718451] conn_init(68) connection open, 0x231eb28
tgtd: [12:20:32.968959] conn_close(104) connection closed, 0x231eb28 1
tgtd: [12:20:35.723193] conn_init(68) connection open, 0x231eb28
tgtd: [12:20:35.973621] conn_close(104) connection closed, 0x231eb28 1
tgtd: [12:20:38.727903] conn_init(68) connection open, 0x231eb28
tgtd: [12:20:38.978347] conn_close(104) connection closed, 0x231eb28 1
tgtd: [12:20:41.732556] conn_init(68) connection open, 0x231eb28
tgtd: [12:20:41.983105] conn_close(104) connection closed, 0x231eb28 1
tgtd: [12:20:44.737340] conn_init(68) connection open, 0x231eb28
tgtd: [12:20:44.987809] conn_close(104) connection closed, 0x231eb28 1
tgtd: [12:20:47.742107] conn_init(68) connection open, 0x231eb28
tgtd: [12:20:47.992528] conn_close(104) connection closed, 0x231eb28 1
tgtd: [12:20:50.746740] conn_init(68) connection open, 0x231eb28
tgtd: [12:20:50.997249] conn_close(104) connection closed, 0x231eb28 1
tgtd: [12:20:53.751364] conn_init(68) connection open, 0x231eb28
tgtd: [12:20:54.001739] conn_close(104) connection closed, 0x231eb28 1
tgtd: [12:20:56.755822] conn_init(68) connection open, 0x231eb28
tgtd: [12:20:57.006256] conn_close(104) connection closed, 0x231eb28 1
tgtd: [12:20:59.760346] conn_init(68) connection open, 0x231eb28
tgtd: [12:21:00.010671] conn_close(104) connection closed, 0x231eb28 1
tgtd: [12:21:02.764742] conn_init(68) connection open, 0x231eb28
tgtd: [12:21:03.015235] conn_close(104) connection closed, 0x231eb28 1
tgtd: [12:21:05.769338] conn_init(68) connection open, 0x231eb28
tgtd: [12:21:06.020195] conn_close(104) connection closed, 0x231eb28 1
tgtd: [12:21:08.774409] conn_init(68) connection open, 0x231eb28
tgtd: [12:21:09.024848] conn_close(104) connection closed, 0x231eb28 1
tgtd: [12:21:11.779049] conn_init(68) connection open, 0x231eb28
tgtd: [12:21:12.029516] conn_close(104) connection closed, 0x231eb28 1
tgtd: [12:21:14.783697] conn_init(68) connection open, 0x231eb28
tgtd: [12:21:15.034145] conn_close(104) connection closed, 0x231eb28 1
tgtd: [12:21:17.788333] conn_init(68) connection open, 0x231eb28
tgtd: [12:21:18.038778] conn_close(104) connection closed, 0x231eb28 1
tgtd: [12:21:20.792911] conn_init(68) connection open, 0x231eb28
tgtd: [12:21:21.043428] conn_close(104) connection closed, 0x231eb28 1
tgtd: [12:21:23.797647] conn_init(68) connection open, 0x231eb28
tgtd: [12:21:24.048071] conn_close(104) connection closed, 0x231eb28 1
tgtd: [12:21:26.802230] conn_init(68) connection open, 0x231eb28
tgtd: [12:21:27.052669] conn_close(104) connection closed, 0x231eb28 1
tgtd: [12:21:29.806916] conn_init(68) connection open, 0x231eb28
tgtd: [12:21:30.057422] conn_close(104) connection closed, 0x231eb28 1
tgtd: [12:21:32.811605] conn_init(68) connection open, 0x231eb28
tgtd: [12:21:33.062099] conn_close(104) connection closed, 0x231eb28 1
tgtd: [12:21:35.816268] conn_init(68) connection open, 0x231eb28
tgtd: [12:21:36.066706] conn_close(104) connection closed, 0x231eb28 1
tgtd: [12:21:38.820957] conn_init(68) connection open, 0x231eb28
tgtd: [12:21:39.071402] conn_close(104) connection closed, 0x231eb28 1
tgtd: [12:21:41.825566] conn_init(68) connection open, 0x231eb28
tgtd: [12:21:42.076099] conn_close(104) connection closed, 0x231eb28 1
tgtd: [12:21:56.775636] conn_close(104) connection closed, 0x1d45418 1
[12:21:45.080765] conn_close(104) connection closed, 0x231eb28 1
tgtd: [12:21:47.835060] conn_init(68) connection open, 0x231eb28
tgtd: [12:21:48.085496] conn_close(104) connection closed, 0x231eb28 1
tgtd: [12:21:50.839675] conn_init(68) connection open, 0x231eb28
tgtd: [12:21:51.090210] conn_close(104) connection closed, 0x231eb28 1
tgtd: [12:21:53.844435] conn_init(68) connection open, 0x231eb28
tgtd: [12:21:54.094856] conn_close(104) connection closed, 0x231eb28 1
tgtd: [12:21:56.775609] conn_close(104) connection closed, 0x231a418 1
tgtd: [12:21:56.849047] conn_init(68) connection open, 0x231a418
tgtd: [12:21:57.099442] conn_close(104) connection closed, 0x231a418 1
tgtd: [12:21:59.853646] conn_init(68) connection open, 0x231a418
tgtd: [12:22:00.104192] conn_close(104) connection closed, 0x231a418 1
tgtd: [12:22:02.858318] conn_init(68) connection open, 0x231a418
tgtd: [12:22:03.108796] conn_close(104) connection closed, 0x231a418 1
tgtd: [12:22:05.862915] conn_init(68) connection open, 0x231a418
tgtd: [12:22:06.113845] conn_close(104) connection closed, 0x231a418 1
tgtd: [12:22:08.868070] conn_init(68) connection open, 0x231a418
tgtd: [12:22:09.118520] conn_close(104) connection closed, 0x231a418 1
tgtd: [12:22:11.872748] conn_init(68) connection open, 0x231a418
tgtd: [12:22:12.123236] conn_close(104) connection closed, 0x231a418 1
tgtd: [12:22:13.072135] caught signal 15, exiting
tgtd: [12:22:21.090535] caught signal 15, exiting
tgtd: [12:22:23.439447] caught signal 15, exiting
tgtd: [12:22:27.289106] caught signal 15, exiting
================ Wed Jul 24 12:24:00 EDT 2013 =========================
tgtd: [12:24:00.753800] work_timer_start(146) use timer_fd based schedultgtd: [12:24:03.448800] work_timer_start(146) use timer_fd based schedultgtd: [12:24:05.969146] work_timer_start(146) use timer_fd based schedultgtd: [12:24:08.354052] work_timer_start(146) use timer_fd based scheduler
tgtd: [12:24:08.354507] bs_init(313) use signalfd notification
tgtd: [12:24:10.349833] tgt_device_create(576) Unknown device type 127
tgtd: [12:24:10.354367] device_mgmt(239) sz:26 params:path=/dev/sda,bstype=rdwr
tgtd: [12:24:10.354446] bs_thread_open(335) 16
tgtd: [12:24:17.797572] conn_init(68) connection open, 0x1a61418
tgtd: [12:24:17.800495] conn_close(104) connection closed, 0x1a61418 1
tgtd: [12:24:17.807427] conn_init(68) connection open, 0x1a61418
.782981] conn_init(68) connection open, 0xf72418
tgtd: [12:24:13.033466] conn_close(104) connection closed, 0xf72418 1
tgtd: [12:24:15.427824] conn_init(68) connection open, 0xf72418
tgtd: [12:24:15.429533] conn_close(104) connection closed, 0xf72418 1
tgtd: [12:24:15.431834] conn_init(68) connection open, 0xf72418
tgtd: [12:24:15.787596] conn_init(68) connection open, 0xf76718
tgtd: [12:24:16.038025] conn_close(104) connection closed, 0xf76718 1
tgtd: [12:24:18.792090] conn_init(68) connection open, 0xf76718
tgtd: [12:24:19.042531] conn_close(104) connection closed, 0xf76718 1
tgtd: [12:24:21.796506] conn_init(68) connection open, 0xf76718
tgtd: [12:24:22.047075] conn_close(104) connection closed, 0xf76718 1
tgtd: [12:24:24.801071] conn_init(68) connection open, 0xf76718
tgtd: [12:24:25.051449] conn_close(104) connection closed, 0xf76718 1
tgtd: [12:24:27.805257] conn_init(68) connection open, 0xf76718
tgtd: [12:24:28.055690] conn_close(104) connection closed, 0xf76718 1
tgtd: [12:24:30.809834] conn_init(68) connection open, 0xf76718
tgtd: [12:24:31.060340] conn_close(104) connection closed, 0xf76718 1
tgtd: [12:24:33.814398] conn_init(68) connection open, 0xf76718
tgtd: [12:24:34.064861] conn_close(104) connection closed, 0xf76718 1
tgtd: [12:24:47.684085] conn_close(104) connection closed, 0x1fb3418 1
12:24:37.069386] conn_close(104) connection closed, 0xf76718 1
tgtd: [12:24:39.823370] conn_init(68) connection open, 0xf76718
tgtd: [12:24:40.073946] conn_close(104) connection closed, 0xf76718 1
tgtd: [12:24:42.828022] conn_init(68) connection open, 0xf76718
tgtd: [12:24:43.078486] conn_close(104) connection closed, 0xf76718 1
tgtd: [12:24:45.832556] conn_init(68) connection open, 0xf76718
tgtd: [12:24:46.083007] conn_close(104) connection closed, 0xf76718 1
tgtd: [12:24:47.683859] conn_close(104) connection closed, 0xf72418 1
tgtd: [12:24:48.837077] conn_init(68) connection open, 0xf72418
tgtd: [12:24:49.087528] conn_close(104) connection closed, 0xf72418 1
tgtd: [12:24:51.841686] conn_init(68) connection open, 0xf72418
tgtd: [12:24:52.092193] conn_close(104) connection closed, 0xf72418 1
tgtd: [12:24:54.846219] conn_init(68) connection open, 0xf72418
tgtd: [12:24:55.096648] conn_close(104) connection closed, 0xf72418 1
tgtd: [12:24:57.850760] conn_init(68) connection open, 0xf72418
tgtd: [12:24:58.101244] conn_close(104) connection closed, 0xf72418 1
tgtd: [12:25:00.855289] conn_init(68) connection open, 0xf72418
tgtd: [12:25:01.105793] conn_close(104) connection closed, 0xf72418 1
tgtd: [12:25:03.859858] conn_init(68) connection open, 0xf72418
tgtd: [12:25:04.110305] conn_close(104) connection closed, 0xf72418 1
tgtd: [12:25:06.864344] conn_init(68) connection open, 0xf72418
tgtd: [12:25:07.114768] conn_close(104) connection closed, 0xf72418 1
tgtd: [12:25:09.868835] conn_init(68) connection open, 0xf72418
tgtd: [12:25:10.119357] conn_close(104) connection closed, 0xf72418 1
tgtd: [12:25:12.873472] conn_init(68) connection open, 0xf72418
tgtd: [12:25:13.123941] conn_close(104) connection closed, 0xf72418 1
tgtd: [12:25:15.878026] conn_init(68) connection open, 0xf72418
tgtd: [12:25:16.128460] conn_close(104) connection closed, 0xf72418 1
tgtd: [12:25:18.882532] conn_init(68) connection open, 0xf72418
tgtd: [12:25:19.132972] conn_close(104) connection closed, 0xf72418 1
tgtd: [12:25:21.887102] conn_init(68) connection open, 0xf72418
tgtd: [12:25:22.137611] conn_close(104) connection closed, 0xf72418 1
tgtd: [12:25:24.891678] conn_init(68) connection open, 0xf72418
tgtd: [12:25:25.142108] conn_close(104) connection closed, 0xf72418 1
tgtd: [12:25:27.896276] conn_init(68) connection open, 0xf72418
tgtd: [12:25:28.146702] conn_close(104) connection closed, 0xf72418 1
tgtd: [12:25:30.900893] conn_init(68) connection open, 0xf72418
tgtd: [12:25:31.151392] conn_close(104) connection closed, 0xf72418 1
tgtd: [12:25:33.905534] conn_init(68) connection open, 0xf72418
tgtd: [12:25:34.156004] conn_close(104) connection closed, 0xf72418 1
tgtd: [12:25:36.910115] conn_init(68) connection open, 0xf72418
tgtd: [12:25:37.160577] conn_close(104) connection closed, 0xf72418 1
tgtd: [12:25:39.914723] conn_init(68) connection open, 0xf72418
tgtd: [12:25:40.165281] conn_close(104) connection closed, 0xf72418 1
tgtd: [12:25:42.919455] conn_init(68) connection open, 0xf72418
tgtd: [12:25:43.169952] conn_close(104) connection closed, 0xf72418 1
tgtd: [12:25:45.924078] conn_init(68) connection open, 0xf72418
tgtd: [12:25:46.174527] conn_close(104) connection closed, 0xf72418 1
tgtd: [12:25:48.928692] conn_init(68) connection open, 0xf72418
tgtd: [12:25:49.179636] conn_close(104) connection closed, 0xf72418 1
tgtd: [12:25:51.933845] conn_init(68) connection open, 0xf72418
tgtd: [12:25:52.184352] conn_close(104) connection closed, 0xf72418 1
tgtd: [12:25:54.938530] conn_init(68) connection open, 0xf72418
tgtd: [12:25:55.188992] conn_close(104) connection closed, 0xf72418 1
tgtd: [12:25:57.943216] conn_init(68) connection open, 0xf72418
tgtd: [12:25:58.193673] conn_close(104) connection closed, 0xf72418 1
tgtd: [12:26:00.947818] conn_init(68) connection open, 0xf72418
tgtd: [12:26:01.198310] conn_close(104) connection closed, 0xf72418 1
tgtd: [12:26:03.952461] conn_init(68) connection open, 0xf72418
tgtd: [12:26:04.202917] conn_close(104) connection closed, 0xf72418 1
tgtd: [12:26:06.956977] conn_init(68) connection open, 0xf72418
tgtd: [12:26:07.207423] conn_close(104) connection closed, 0xf72418 1
tgtd: [12:26:09.961463] conn_init(68) connection open, 0xf72418
tgtd: [12:26:10.212021] conn_close(104) connection closed, 0xf72418 1
tgtd: [12:26:12.966217] conn_init(68) connection open, 0xf72418
tgtd: [12:26:13.216672] conn_close(104) connection closed, 0xf72418 1
tgtd: [12:26:15.970896] conn_init(68) connection open, 0xf72418
tgtd: [12:26:16.221324] conn_close(104) connection closed, 0xf72418 1
tgtd: [12:26:18.975453] conn_init(68) connection open, 0xf72418
tgtd: [12:26:19.225941] conn_close(104) connection closed, 0xf72418 1
tgtd: [12:26:21.980064] conn_init(68) connection open, 0xf72418
tgtd: [12:26:22.230582] conn_close(104) connection closed, 0xf72418 1
tgtd: [12:26:24.985300] conn_init(68) connection open, 0xf72418
tgtd: [12:26:25.235737] conn_close(104) connection closed, 0xf72418 1
tgtd: [12:26:27.989964] conn_init(68) connection open, 0xf72418
tgtd: [12:26:28.240385] conn_close(104) connection closed, 0xf72418 1
tgtd: [12:26:30.995076] conn_init(68) connection open, 0xf72418
tgtd: [12:26:31.245596] conn_close(104) connection closed, 0xf72418 1
tgtd: [12:26:33.999738] conn_init(68) connection open, 0xf72418
tgtd: [12:26:34.250156] conn_close(104) connection closed, 0xf72418 1
tgtd: [12:26:37.004257] conn_init(68) connection open, 0xf72418
tgtd: [12:26:37.254698] conn_close(104) connection closed, 0xf72418 1
tgtd: [12:26:40.008770] conn_init(68) connection open, 0xf72418
tgtd: [12:26:40.259322] conn_close(104) connection closed, 0xf72418 1
tgtd: [12:26:43.013822] conn_init(68) connection open, 0xf72418
tgtd: [12:26:43.264265] conn_close(104) connection closed, 0xf72418 1
tgtd: [12:26:46.018355] conn_init(68) connection open, 0xf72418
tgtd: [12:26:46.268791] conn_close(104) connection closed, 0xf72418 1
tgtd: [12:26:49.023005] conn_init(68) connection open, 0xf72418
tgtd: [12:26:49.273906] conn_close(104) connection closed, 0xf72418 1
tgtd: [12:26:52.028120] conn_init(68) connection open, 0xf72418
tgtd: [12:26:52.278629] conn_close(104) connection closed, 0xf72418 1
tgtd: [12:26:55.032884] conn_init(68) connection open, 0xf72418
tgtd: [12:26:55.283334] conn_close(104) connection closed, 0xf72418 1
tgtd: [12:26:58.037514] conn_init(68) connection open, 0xf72418
tgtd: [12:26:58.287986] conn_close(104) connection closed, 0xf72418 1
tgtd: [12:27:01.042139] conn_init(68) connection open, 0xf72418
tgtd: [12:27:01.292648] conn_close(104) connection closed, 0xf72418 1
tgtd: [12:27:04.046769] conn_init(68) connection open, 0xf72418
tgtd: [12:27:04.297225] conn_close(104) connection closed, 0xf72418 1
tgtd: [12:27:07.051399] conn_init(68) connection open, 0xf72418
tgtd: [12:27:07.301809] conn_close(104) connection closed, 0xf72418 1
tgtd: [12:27:10.055955] conn_init(68) connection open, 0xf72418
tgtd: [12:27:10.306517] conn_close(104) connection closed, 0xf72418 1
tgtd: [12:27:13.060662] conn_init(68) connection open, 0xf72418
tgtd: [12:27:13.311124] conn_close(104) connection closed, 0xf72418 1
tgtd: [12:27:16.065258] conn_init(68) connection open, 0xf72418
tgtd: [12:27:16.315715] conn_close(104) connection closed, 0xf72418 1
tgtd: [12:27:19.069937] conn_init(68) connection open, 0xf72418
tgtd: [12:27:19.320344] conn_close(104) connection closed, 0xf72418 1
tgtd: [12:27:22.074519] conn_init(68) connection open, 0xf72418
tgtd: [12:27:22.325076] conn_close(104) connection closed, 0xf72418 1
tgtd: [12:27:25.079196] conn_init(68) connection open, 0xf72418
tgtd: [12:27:25.329645] conn_close(104) connection closed, 0xf72418 1
tgtd: [12:27:28.083827] conn_init(68) connection open, 0xf72418
tgtd: [12:27:28.334278] conn_close(104) connection closed, 0xf72418 1
tgtd: [12:27:31.088517] conn_init(68) connection open, 0xf72418
tgtd: [12:27:31.339020] conn_close(104) connection closed, 0xf72418 1
tgtd: [12:27:34.093137] conn_init(68) connection open, 0xf72418
tgtd: [12:27:34.343578] conn_close(104) connection closed, 0xf72418 1
tgtd: [12:27:37.097749] conn_init(68) connection open, 0xf72418
tgtd: [12:27:37.348212] conn_close(104) connection closed, 0xf72418 1
tgtd: [12:27:40.102454] conn_init(68) connection open, 0xf72418
tgtd: [12:27:40.352974] conn_close(104) connection closed, 0xf72418 1
tgtd: [12:27:43.107161] conn_init(68) connection open, 0xf72418
tgtd: [12:27:43.357567] conn_close(104) connection closed, 0xf72418 1
tgtd: [12:27:46.111633] conn_init(68) connection open, 0xf72418
tgtd: [12:27:46.362093] conn_close(104) connection closed, 0xf72418 1
tgtd: [12:27:49.116278] conn_init(68) connection open, 0xf72418
tgtd: [12:27:49.367174] conn_close(104) connection closed, 0xf72418 1
tgtd: [12:27:52.121393] conn_init(68) connection open, 0xf72418
tgtd: [12:27:52.371910] conn_close(104) connection closed, 0xf72418 1
tgtd: [12:27:55.126114] conn_init(68) connection open, 0xf72418
tgtd: [12:27:55.376515] conn_close(104) connection closed, 0xf72418 1
tgtd: [12:27:58.130659] conn_init(68) connection open, 0xf72418
tgtd: [12:27:58.381142] conn_close(104) connection closed, 0xf72418 1
tgtd: [12:28:01.135068] conn_init(68) connection open, 0xf72418
tgtd: [12:28:01.385617] conn_close(104) connection closed, 0xf72418 1
tgtd: [12:28:04.139828] conn_init(68) connection open, 0xf72418
tgtd: [12:28:04.390242] conn_close(104) connection closed, 0xf72418 1
tgtd: [12:28:07.144413] conn_init(68) connection open, 0xf72418
tgtd: [12:28:07.394826] conn_close(104) connection closed, 0xf72418 1
tgtd: [12:28:10.150392] conn_init(68) connection open, 0xf72418
tgtd: [12:28:10.400877] conn_close(104) connection closed, 0xf72418 1
tgtd: [12:28:13.155061] conn_init(68) connection open, 0xf72418
tgtd: [12:28:13.405494] conn_close(104) connection closed, 0xf72418 1
tgtd: [12:28:16.160122] conn_init(68) connection open, 0xf72418
tgtd: [12:28:16.410564] conn_close(104) connection closed, 0xf72418 1
tgtd: [12:28:19.164585] conn_init(68) connection open, 0xf72418
tgtd: [12:28:19.415105] conn_close(104) connection closed, 0xf72418 1
tgtd: [12:28:22.169104] conn_init(68) connection open, 0xf72418
tgtd: [12:28:22.419855] conn_close(104) connection closed, 0xf72418 1
tgtd: [12:28:25.173644] conn_init(68) connection open, 0xf72418
tgtd: [12:28:25.424409] conn_close(104) connection closed, 0xf72418 1
tgtd: [12:28:28.178747] conn_init(68) connection open, 0xf72418
tgtd: [12:28:28.429519] conn_close(104) connection closed, 0xf72418 1
tgtd: [12:28:31.183460] conn_init(68) connection open, 0xf72418
tgtd: [12:28:31.434095] conn_close(104) connection closed, 0xf72418 1
tgtd: [12:28:34.188021] conn_init(68) connection open, 0xf72418
tgtd: [12:28:34.438572] conn_close(104) connection closed, 0xf72418 1
tgtd: [12:28:37.192453] conn_init(68) connection open, 0xf72418
tgtd: [12:28:37.442999] conn_close(104) connection closed, 0xf72418 1
tgtd: [12:28:40.197011] conn_init(68) connection open, 0xf72418
tgtd: [12:28:40.447577] conn_close(104) connection closed, 0xf72418 1
tgtd: [12:28:43.201368] conn_init(68) connection open, 0xf72418
tgtd: [12:28:43.451932] conn_close(104) connection closed, 0xf72418 1
tgtd: [12:28:46.205907] conn_init(68) connection open, 0xf72418
tgtd: [12:28:46.456447] conn_close(104) connection closed, 0xf72418 1
tgtd: [12:28:49.210401] conn_init(68) connection open, 0xf72418
tgtd: [12:28:49.461408] conn_close(104) connection closed, 0xf72418 1
tgtd: [12:28:52.215707] conn_init(68) connection open, 0xf72418
tgtd: [12:28:52.466231] conn_close(104) connection closed, 0xf72418 1
tgtd: [12:28:55.220454] conn_init(68) connection open, 0xf72418
tgtd: [12:28:55.470912] conn_close(104) connection closed, 0xf72418 1
tgtd: [12:28:58.225097] conn_init(68) connection open, 0xf72418
tgtd: [12:28:58.475550] conn_close(104) connection closed, 0xf72418 1
tgtd: [12:29:01.229769] conn_init(68) connection open, 0xf72418
tgtd: [12:29:01.480279] conn_close(104) connection closed, 0xf72418 1
tgtd: [12:29:04.234455] conn_init(68) connection open, 0xf72418
tgtd: [12:29:04.484893] conn_close(104) connection closed, 0xf72418 1
tgtd: [12:29:07.239172] conn_init(68) connection open, 0xf72418
tgtd: [12:29:07.489570] conn_close(104) connection closed, 0xf72418 1
tgtd: [12:29:10.243767] conn_init(68) connection open, 0xf72418
tgtd: [12:29:10.494195] conn_close(104) connection closed, 0xf72418 1
tgtd: [12:29:13.248378] conn_init(68) connection open, 0xf72418
tgtd: [12:29:13.498797] conn_close(104) connection closed, 0xf72418 1
tgtd: [12:29:16.252969] conn_init(68) connection open, 0xf72418
tgtd: [12:29:16.503389] conn_close(104) connection closed, 0xf72418 1
tgtd: [12:29:19.257615] conn_init(68) connection open, 0xf72418
tgtd: [12:29:19.508068] conn_close(104) connection closed, 0xf72418 1
tgtd: [12:29:22.262231] conn_init(68) connection open, 0xf72418
tgtd: [12:29:22.512712] conn_close(104) connection closed, 0xf72418 1
tgtd: [12:29:25.266837] conn_init(68) connection open, 0xf72418
tgtd: [12:29:25.517289] conn_close(104) connection closed, 0xf72418 1
tgtd: [12:29:28.271464] conn_init(68) connection open, 0xf72418
tgtd: [12:29:28.521911] conn_close(104) connection closed, 0xf72418 1
tgtd: [12:29:31.276129] conn_init(68) connection open, 0xf72418
tgtd: [12:29:31.526628] conn_close(104) connection closed, 0xf72418 1
tgtd: [12:29:34.280817] conn_init(68) connection open, 0xf72418
tgtd: [12:29:34.531236] conn_close(104) connection closed, 0xf72418 1
tgtd: [12:29:37.285429] conn_init(68) connection open, 0xf72418
tgtd: [12:29:37.535851] conn_close(104) connection closed, 0xf72418 1
tgtd: [12:29:40.290104] conn_init(68) connection open, 0xf72418
tgtd: [12:29:40.540579] conn_close(104) connection closed, 0xf72418 1
tgtd: [12:29:43.294851] conn_init(68) connection open, 0xf72418
tgtd: [12:29:43.545275] conn_close(104) connection closed, 0xf72418 1
tgtd: [12:29:46.299470] conn_init(68) connection open, 0xf72418
tgtd: [12:29:46.549918] conn_close(104) connection closed, 0xf72418 1
tgtd: [12:29:49.304125] conn_init(68) connection open, 0xf72418
tgtd: [12:29:49.555111] conn_close(104) connection closed, 0xf72418 1
tgtd: [12:29:52.309148] conn_init(68) connection open, 0xf72418
tgtd: [12:29:52.559623] conn_close(104) connection closed, 0xf72418 1
tgtd: [12:29:55.313885] conn_init(68) connection open, 0xf72418
tgtd: [12:29:55.564303] conn_close(104) connection closed, 0xf72418 1
tgtd: [12:29:58.318447] conn_init(68) connection open, 0xf72418
tgtd: [12:29:58.568907] conn_close(104) connection closed, 0xf72418 1
tgtd: [12:30:01.323067] conn_init(68) connection open, 0xf72418
tgtd: [12:30:01.573556] conn_close(104) connection closed, 0xf72418 1
tgtd: [12:30:04.327714] conn_init(68) connection open, 0xf72418
tgtd: [12:30:04.578136] conn_close(104) connection closed, 0xf72418 1
tgtd: [12:30:07.332233] conn_init(68) connection open, 0xf72418
tgtd: [12:30:07.582664] conn_close(104) connection closed, 0xf72418 1
tgtd: [12:30:10.336837] conn_init(68) connection open, 0xf72418
tgtd: [12:30:10.587371] conn_close(104) connection closed, 0xf72418 1
tgtd: [12:30:13.341463] conn_init(68) connection open, 0xf72418
tgtd: [12:30:13.591891] conn_close(104) connection closed, 0xf72418 1
tgtd: [12:30:16.346060] conn_init(68) connection open, 0xf72418
tgtd: [12:30:16.596476] conn_close(104) connection closed, 0xf72418 1
tgtd: [12:30:19.350554] conn_init(68) connection open, 0xf72418
tgtd: [12:30:19.600985] conn_close(104) connection closed, 0xf72418 1
tgtd: [12:30:22.355109] conn_init(68) connection open, 0xf72418
tgtd: [12:30:22.605641] conn_close(104) connection closed, 0xf72418 1
tgtd: [12:30:25.359395] conn_init(68) connection open, 0xf72418
tgtd: [12:30:25.609831] conn_close(104) connection closed, 0xf72418 1
tgtd: [12:30:28.363959] conn_init(68) connection open, 0xf72418
tgtd: [12:30:28.614373] conn_close(104) connection closed, 0xf72418 1
tgtd: [12:30:31.368495] conn_init(68) connection open, 0xf72418
tgtd: [12:30:31.619013] conn_close(104) connection closed, 0xf72418 1
tgtd: [12:30:34.373049] conn_init(68) connection open, 0xf72418
tgtd: [12:30:34.623522] conn_close(104) connection closed, 0xf72418 1
tgtd: [12:30:37.377581] conn_init(68) connection open, 0xf72418
tgtd: [12:30:37.628084] conn_close(104) connection closed, 0xf72418 1
tgtd: [12:30:40.382130] conn_init(68) connection open, 0xf72418
tgtd: [12:30:40.632617] conn_close(104) connection closed, 0xf72418 1
tgtd: [12:30:43.386751] conn_init(68) connection open, 0xf72418
tgtd: [12:30:43.637185] conn_close(104) connection closed, 0xf72418 1
tgtd: [12:30:46.391223] conn_init(68) connection open, 0xf72418
tgtd: [12:30:46.641731] conn_close(104) connection closed, 0xf72418 1
tgtd: [12:30:49.395861] conn_init(68) connection open, 0xf72418
tgtd: [12:30:49.646781] conn_close(104) connection closed, 0xf72418 1
tgtd: [12:30:52.401045] conn_init(68) connection open, 0xf72418
tgtd: [12:30:52.651537] conn_close(104) connection closed, 0xf72418 1
tgtd: [12:30:55.405732] conn_init(68) connection open, 0xf72418
tgtd: [12:30:55.656203] conn_close(104) connection closed, 0xf72418 1
tgtd: [12:30:58.410407] conn_init(68) connection open, 0xf72418
tgtd: [12:30:58.660837] conn_close(104) connection closed, 0xf72418 1
tgtd: [12:31:01.415082] conn_init(68) connection open, 0xf72418
tgtd: [12:31:01.665563] conn_close(104) connection closed, 0xf72418 1
tgtd: [12:31:04.419762] conn_init(68) connection open, 0xf72418
tgtd: [12:31:04.670189] conn_close(104) connection closed, 0xf72418 1
tgtd: [12:31:07.424374] conn_init(68) connection open, 0xf72418
tgtd: [12:31:07.674808] conn_close(104) connection closed, 0xf72418 1
tgtd: [12:31:10.428975] conn_init(68) connection open, 0xf72418
tgtd: [12:31:10.679453] conn_close(104) connection closed, 0xf72418 1
tgtd: [12:31:13.433576] conn_init(68) connection open, 0xf72418
tgtd: [12:31:13.684045] conn_close(104) connection closed, 0xf72418 1
tgtd: [12:31:16.438194] conn_init(68) connection open, 0xf72418
tgtd: [12:31:16.688627] conn_close(104) connection closed, 0xf72418 1
tgtd: [12:31:19.442804] conn_init(68) connection open, 0xf72418
tgtd: [12:31:19.693246] conn_close(104) connection closed, 0xf72418 1
tgtd: [12:31:22.447410] conn_init(68) connection open, 0xf72418
tgtd: [12:31:22.697910] conn_close(104) connection closed, 0xf72418 1
tgtd: [12:31:25.451990] conn_init(68) connection open, 0xf72418
tgtd: [12:31:25.702449] conn_close(104) connection closed, 0xf72418 1
tgtd: [12:31:28.456566] conn_init(68) connection open, 0xf72418
tgtd: [12:31:28.707020] conn_close(104) connection closed, 0xf72418 1
tgtd: [12:31:31.461188] conn_init(68) connection open, 0xf72418
tgtd: [12:31:31.711733] conn_close(104) connection closed, 0xf72418 1
tgtd: [12:31:34.465946] conn_init(68) connection open, 0xf72418
tgtd: [12:31:34.716394] conn_close(104) connection closed, 0xf72418 1
tgtd: [12:31:37.470491] conn_init(68) connection open, 0xf72418
tgtd: [12:31:37.720937] conn_close(104) connection closed, 0xf72418 1
tgtd: [12:31:40.475100] conn_init(68) connection open, 0xf72418
tgtd: [12:31:40.725601] conn_close(104) connection closed, 0xf72418 1
tgtd: [12:31:43.479816] conn_init(68) connection open, 0xf72418
tgtd: [12:31:43.730249] conn_close(104) connection closed, 0xf72418 1
tgtd: [12:31:46.484407] conn_init(68) connection open, 0xf72418
tgtd: [12:31:46.734847] conn_close(104) connection closed, 0xf72418 1
tgtd: [12:31:49.489016] conn_init(68) connection open, 0xf72418
tgtd: [12:31:49.739949] conn_close(104) connection closed, 0xf72418 1
tgtd: [12:31:52.494175] conn_init(68) connection open, 0xf72418
tgtd: [12:31:52.744681] conn_close(104) connection closed, 0xf72418 1
tgtd: [12:31:55.498954] conn_init(68) connection open, 0xf72418
tgtd: [12:31:55.749409] conn_close(104) connection closed, 0xf72418 1
tgtd: [12:31:58.503514] conn_init(68) connection open, 0xf72418
tgtd: [12:31:58.753956] conn_close(104) connection closed, 0xf72418 1
tgtd: [12:32:01.508104] conn_init(68) connection open, 0xf72418
tgtd: [12:32:01.758628] conn_close(104) connection closed, 0xf72418 1
tgtd: [12:32:04.512756] conn_init(68) connection open, 0xf72418
tgtd: [12:32:04.763213] conn_close(104) connection closed, 0xf72418 1
tgtd: [12:32:07.517473] conn_init(68) connection open, 0xf72418
tgtd: [12:32:07.767916] conn_close(104) connection closed, 0xf72418 1
tgtd: [12:32:10.521855] conn_init(68) connection open, 0xf72418
tgtd: [12:32:10.772372] conn_close(104) connection closed, 0xf72418 1
tgtd: [12:32:13.526577] conn_init(68) connection open, 0xf72418
tgtd: [12:32:13.777006] conn_close(104) connection closed, 0xf72418 1
tgtd: [12:32:16.531191] conn_init(68) connection open, 0xf72418
tgtd: [12:32:16.781623] conn_close(104) connection closed, 0xf72418 1
tgtd: [12:32:19.535802] conn_init(68) connection open, 0xf72418
tgtd: [12:32:19.786249] conn_close(104) connection closed, 0xf72418 1
tgtd: [12:32:22.540422] conn_init(68) connection open, 0xf72418
tgtd: [12:32:22.790961] conn_close(104) connection closed, 0xf72418 1
tgtd: [12:32:25.545220] conn_init(68) connection open, 0xf72418
tgtd: [12:32:25.795633] conn_close(104) connection closed, 0xf72418 1
tgtd: [12:32:28.549798] conn_init(68) connection open, 0xf72418
tgtd: [12:32:28.800247] conn_close(104) connection closed, 0xf72418 1
tgtd: [12:32:31.554435] conn_init(68) connection open, 0xf72418
tgtd: [12:32:31.804957] conn_close(104) connection closed, 0xf72418 1
tgtd: [12:32:34.559139] conn_init(68) connection open, 0xf72418
tgtd: [12:32:34.809598] conn_close(104) connection closed, 0xf72418 1
tgtd: [12:32:37.563712] conn_init(68) connection open, 0xf72418
tgtd: [12:32:37.814187] conn_close(104) connection closed, 0xf72418 1
tgtd: [12:32:40.568396] conn_init(68) connection open, 0xf72418
tgtd: [12:32:40.818890] conn_close(104) connection closed, 0xf72418 1
tgtd: [12:32:43.573186] conn_init(68) connection open, 0xf72418
tgtd: [12:32:43.823619] conn_close(104) connection closed, 0xf72418 1
tgtd: [12:32:46.577804] conn_init(68) connection open, 0xf72418
tgtd: [12:32:46.828281] conn_close(104) connection closed, 0xf72418 1
tgtd: [12:32:49.582456] conn_init(68) connection open, 0xf72418
tgtd: [12:32:49.833421] conn_close(104) connection closed, 0xf72418 1
tgtd: [12:32:52.587641] conn_init(68) connection open, 0xf72418
tgtd: [12:32:52.838161] conn_close(104) connection closed, 0xf72418 1
tgtd: [12:32:55.592353] conn_init(68) connection open, 0xf72418
tgtd: [12:32:55.842764] conn_close(104) connection closed, 0xf72418 1
tgtd: [12:32:58.597017] conn_init(68) connection open, 0xf72418
tgtd: [12:32:58.847452] conn_close(104) connection closed, 0xf72418 1
tgtd: [12:33:01.601650] conn_init(68) connection open, 0xf72418
tgtd: [12:33:01.852178] conn_close(104) connection closed, 0xf72418 1
tgtd: [12:33:04.606287] conn_init(68) connection open, 0xf72418
tgtd: [12:33:04.856730] conn_close(104) connection closed, 0xf72418 1
tgtd: [12:33:07.610863] conn_init(68) connection open, 0xf72418
tgtd: [12:33:07.861306] conn_close(104) connection closed, 0xf72418 1
tgtd: [12:33:10.615424] conn_init(68) connection open, 0xf72418
tgtd: [12:33:10.865897] conn_close(104) connection closed, 0xf72418 1
tgtd: [12:33:13.620093] conn_init(68) connection open, 0xf72418
tgtd: [12:33:13.870521] conn_close(104) connection closed, 0xf72418 1
tgtd: [12:33:16.624618] conn_init(68) connection open, 0xf72418
tgtd: [12:33:16.875055] conn_close(104) connection closed, 0xf72418 1
tgtd: [12:33:19.629156] conn_init(68) connection open, 0xf72418
tgtd: [12:33:19.879541] conn_close(104) connection closed, 0xf72418 1
tgtd: [12:33:22.633353] conn_init(68) connection open, 0xf72418
tgtd: [12:33:22.883783] conn_close(104) connection closed, 0xf72418 1
tgtd: [12:33:25.637467] conn_init(68) connection open, 0xf72418
tgtd: [12:33:25.887869] conn_close(104) connection closed, 0xf72418 1
tgtd: [12:33:28.641823] conn_init(68) connection open, 0xf72418
tgtd: [12:33:28.892207] conn_close(104) connection closed, 0xf72418 1
tgtd: [12:33:31.645959] conn_init(68) connection open, 0xf72418
tgtd: [12:33:31.896375] conn_close(104) connection closed, 0xf72418 1
tgtd: [12:33:34.650484] conn_init(68) connection open, 0xf72418
tgtd: [12:33:34.900914] conn_close(104) connection closed, 0xf72418 1
tgtd: [12:33:37.655081] conn_init(68) connection open, 0xf72418
tgtd: [12:33:37.905453] conn_close(104) connection closed, 0xf72418 1
tgtd: [12:33:40.659562] conn_init(68) connection open, 0xf72418
tgtd: [12:33:40.910049] conn_close(104) connection closed, 0xf72418 1
tgtd: [12:33:43.664184] conn_init(68) connection open, 0xf72418
tgtd: [12:33:43.914616] conn_close(104) connection closed, 0xf72418 1
tgtd: [12:33:46.668734] conn_init(68) connection open, 0xf72418
tgtd: [12:33:46.919185] conn_close(104) connection closed, 0xf72418 1
tgtd: [12:33:49.673311] conn_init(68) connection open, 0xf72418
tgtd: [12:33:49.924194] conn_close(104) connection closed, 0xf72418 1
tgtd: [12:33:52.678479] conn_init(68) connection open, 0xf72418
tgtd: [12:33:52.928946] conn_close(104) connection closed, 0xf72418 1
tgtd: [12:33:55.683175] conn_init(68) connection open, 0xf72418
tgtd: [12:33:55.933631] conn_close(104) connection closed, 0xf72418 1
tgtd: [12:33:58.687872] conn_init(68) connection open, 0xf72418
tgtd: [12:33:58.938324] conn_close(104) connection closed, 0xf72418 1
tgtd: [12:34:01.692520] conn_init(68) connection open, 0xf72418
tgtd: [12:34:01.942993] conn_close(104) connection closed, 0xf72418 1
tgtd: [12:34:04.697073] conn_init(68) connection open, 0xf72418
tgtd: [12:34:04.947532] conn_close(104) connection closed, 0xf72418 1
tgtd: [12:34:07.701649] conn_init(68) connection open, 0xf72418
tgtd: [12:34:07.952091] conn_close(104) connection closed, 0xf72418 1
tgtd: [12:34:10.706192] conn_init(68) connection open, 0xf72418
tgtd: [12:34:10.956618] conn_close(104) connection closed, 0xf72418 1
tgtd: [12:34:13.710764] conn_init(68) connection open, 0xf72418
tgtd: [12:34:13.961205] conn_close(104) connection closed, 0xf72418 1
tgtd: [12:34:16.715368] conn_init(68) connection open, 0xf72418
tgtd: [12:34:16.965801] conn_close(104) connection closed, 0xf72418 1
tgtd: [12:34:19.720018] conn_init(68) connection open, 0xf72418
tgtd: [12:34:19.970435] conn_close(104) connection closed, 0xf72418 1
tgtd: [12:34:22.724621] conn_init(68) connection open, 0xf72418
tgtd: [12:34:22.975149] conn_close(104) connection closed, 0xf72418 1
tgtd: [12:34:25.729275] conn_init(68) connection open, 0xf72418
tgtd: [12:34:25.979712] conn_close(104) connection closed, 0xf72418 1
tgtd: [12:34:28.733886] conn_init(68) connection open, 0xf72418
tgtd: [12:34:28.984293] conn_close(104) connection closed, 0xf72418 1
tgtd: [12:34:31.738549] conn_init(68) connection open, 0xf72418
tgtd: [12:34:31.989074] conn_close(104) connection closed, 0xf72418 1
tgtd: [12:34:34.743224] conn_init(68) connection open, 0xf72418
tgtd: [12:34:34.993695] conn_close(104) connection closed, 0xf72418 1
tgtd: [12:34:37.747848] conn_init(68) connection open, 0xf72418
tgtd: [12:34:37.998261] conn_close(104) connection closed, 0xf72418 1
tgtd: [12:34:40.752157] conn_init(68) connection open, 0xf72418
tgtd: [12:34:41.002620] conn_close(104) connection closed, 0xf72418 1
tgtd: [12:34:43.756781] conn_init(68) connection open, 0xf72418
tgtd: [12:34:44.007211] conn_close(104) connection closed, 0xf72418 1
tgtd: [12:34:46.761304] conn_init(68) connection open, 0xf72418
tgtd: [12:34:47.011677] conn_close(104) connection closed, 0xf72418 1
tgtd: [12:34:49.765773] conn_init(68) connection open, 0xf72418
tgtd: [12:34:50.016437] conn_close(104) connection closed, 0xf72418 1
tgtd: [12:34:52.775844] conn_init(68) connection open, 0xf72418
tgtd: [12:34:53.026509] conn_close(104) connection closed, 0xf72418 1
tgtd: [12:34:55.785924] conn_init(68) connection open, 0xf72418
tgtd: [12:34:56.036484] conn_close(104) connection closed, 0xf72418 1
tgtd: [12:34:58.795834] conn_init(68) connection open, 0xf72418
tgtd: [12:34:59.046360] conn_close(104) connection closed, 0xf72418 1
tgtd: [12:35:01.805745] conn_init(68) connection open, 0xf72418
tgtd: [12:35:02.056286] conn_close(104) connection closed, 0xf72418 1
tgtd: [12:35:04.815679] conn_init(68) connection open, 0xf72418
tgtd: [12:35:05.066272] conn_close(104) connection closed, 0xf72418 1
tgtd: [12:35:07.825678] conn_init(68) connection open, 0xf72418
tgtd: [12:35:08.076206] conn_close(104) connection closed, 0xf72418 1
tgtd: [12:35:10.835647] conn_init(68) connection open, 0xf72418
tgtd: [12:35:11.086190] conn_close(104) connection closed, 0xf72418 1
tgtd: [12:35:13.845740] conn_init(68) connection open, 0xf72418
tgtd: [12:35:14.096276] conn_close(104) connection closed, 0xf72418 1
tgtd: [12:35:16.850418] conn_init(68) connection open, 0xf72418
tgtd: [12:35:17.100951] conn_close(104) connection closed, 0xf72418 1
tgtd: [12:35:19.855058] conn_init(68) connection open, 0xf72418
tgtd: [12:35:20.105576] conn_close(104) connection closed, 0xf72418 1
tgtd: [12:35:22.859674] conn_init(68) connection open, 0xf72418
tgtd: [12:35:23.110215] conn_close(104) connection closed, 0xf72418 1
tgtd: [12:35:25.864332] conn_init(68) connection open, 0xf72418
tgtd: [12:35:26.114854] conn_close(104) connection closed, 0xf72418 1
tgtd: [12:35:28.869072] conn_init(68) connection open, 0xf72418
tgtd: [12:35:29.119609] conn_close(104) connection closed, 0xf72418 1
tgtd: [12:35:31.873735] conn_init(68) connection open, 0xf72418
tgtd: [12:35:32.124293] conn_close(104) connection closed, 0xf72418 1
tgtd: [12:35:34.878446] conn_init(68) connection open, 0xf72418
tgtd: [12:35:35.129005] conn_close(104) connection closed, 0xf72418 1
tgtd: [12:35:37.883147] conn_init(68) connection open, 0xf72418
tgtd: [12:35:38.133698] conn_close(104) connection closed, 0xf72418 1
tgtd: [12:35:42.626719] conn_init(68) connection open, 0x1a61418
tgtd: [12:35:42.630877] conn_close(104) connection closed, 0x1a61418 1
tgtd: [12:35:42.636749] conn_init(68) connection open, 0x1a61418
d: [12:35:40.887858] conn_init(68) connection open, 0xf76c48
tgtd: [12:35:41.138387] conn_close(104) connection closed, 0xf76c48 1
tgtd: [12:35:43.892480] conn_init(68) connection open, 0xf76b28
tgtd: [12:35:44.143021] conn_close(104) connection closed, 0xf76b28 1
tgtd: [12:35:46.897190] conn_init(68) connection open, 0xf76b28
tgtd: [12:35:47.147719] conn_close(104) connection closed, 0xf76b28 1
tgtd: [12:35:49.907080] conn_init(68) connection open, 0xf76b28
tgtd: [12:35:50.158118] conn_close(104) connection closed, 0xf76b28 1
tgtd: [12:35:52.912356] conn_init(68) connection open, 0xf76b28
tgtd: [12:35:53.162809] conn_close(104) connection closed, 0xf76b28 1
tgtd: [12:35:55.917682] conn_init(68) connection open, 0xf76b28
tgtd: [12:35:56.168147] conn_close(104) connection closed, 0xf76b28 1
tgtd: [12:35:58.922356] conn_init(68) connection open, 0xf76b28
tgtd: [12:35:59.172790] conn_close(104) connection closed, 0xf76b28 1
tgtd: [12:36:01.926940] conn_init(68) connection open, 0xf76b28
tgtd: [12:36:02.177453] conn_close(104) connection closed, 0xf76b28 1
tgtd: [12:36:04.931547] conn_init(68) connection open, 0xf76b28
tgtd: [12:36:05.182005] conn_close(104) connection closed, 0xf76b28 1
tgtd: [12:36:07.936080] conn_init(68) connection open, 0xf76b28
tgtd: [12:36:08.186527] conn_close(104) connection closed, 0xf76b28 1
tgtd: [12:36:10.940600] conn_init(68) connection open, 0xf76b28
tgtd: [12:36:11.191103] conn_close(104) connection closed, 0xf76b28 1
tgtd: [12:36:13.945169] conn_init(68) connection open, 0xf76b28
tgtd: [12:36:14.195634] conn_close(104) connection closed, 0xf76b28 1
tgtd: [12:36:16.949822] conn_init(68) connection open, 0xf76b28
tgtd: [12:36:17.200269] conn_close(104) connection closed, 0xf76b28 1
tgtd: [12:36:19.954464] conn_init(68) connection open, 0xf76b28
tgtd: [12:36:20.205000] conn_close(104) connection closed, 0xf76b28 1
tgtd: [12:36:22.959090] conn_init(68) connection open, 0xf76b28
tgtd: [12:36:23.209642] conn_close(104) connection closed, 0xf76b28 1
tgtd: [12:36:25.963787] conn_init(68) connection open, 0xf76b28
tgtd: [12:36:26.214235] conn_close(104) connection closed, 0xf76b28 1
tgtd: [12:36:28.968448] conn_init(68) connection open, 0xf76b28
tgtd: [12:36:29.218891] conn_close(104) connection closed, 0xf76b28 1
tgtd: [12:36:31.973131] conn_init(68) connection open, 0xf76b28
tgtd: [12:36:32.223651] conn_close(104) connection closed, 0xf76b28 1
tgtd: [12:36:34.977800] conn_init(68) connection open, 0xf76b28
tgtd: [12:36:35.228243] conn_close(104) connection closed, 0xf76b28 1
tgtd: [12:36:37.982316] conn_init(68) connection open, 0xf76b28
tgtd: [12:36:38.232754] conn_close(104) connection closed, 0xf76b28 1
tgtd: [12:36:40.986881] conn_init(68) connection open, 0xf76b28
tgtd: [12:36:41.237331] conn_close(104) connection closed, 0xf76b28 1
tgtd: [12:36:43.991513] conn_init(68) connection open, 0xf76b28
tgtd: [12:36:44.241947] conn_close(104) connection closed, 0xf76b28 1
tgtd: [12:36:46.995826] conn_init(68) connection open, 0xf76b28
tgtd: [12:36:47.246281] conn_close(104) connection closed, 0xf76b28 1
tgtd: [12:36:50.000400] conn_init(68) connection open, 0xf76b28
tgtd: [12:36:50.251394] conn_close(104) connection closed, 0xf76b28 1
tgtd: [12:36:53.005537] conn_init(68) connection open, 0xf76b28
tgtd: [12:36:53.256000] conn_close(104) connection closed, 0xf76b28 1
tgtd: [12:36:56.010141] conn_init(68) connection open, 0xf76b28
tgtd: [12:36:56.260612] conn_close(104) connection closed, 0xf76b28 1
tgtd: [12:36:59.014785] conn_init(68) connection open, 0xf76b28
tgtd: [12:36:59.265230] conn_close(104) connection closed, 0xf76b28 1
tgtd: [12:37:02.019348] conn_init(68) connection open, 0xf76b28
tgtd: [12:37:02.269853] conn_close(104) connection closed, 0xf76b28 1
tgtd: [12:37:05.024077] conn_init(68) connection open, 0xf76b28
tgtd: [12:37:05.274522] conn_close(104) connection closed, 0xf76b28 1
tgtd: [12:37:08.028643] conn_init(68) connection open, 0xf76b28
tgtd: [12:37:08.279128] conn_close(104) connection closed, 0xf76b28 1
tgtd: [12:37:11.033259] conn_init(68) connection open, 0xf76b28
tgtd: [12:37:11.283757] conn_close(104) connection closed, 0xf76b28 1
tgtd: [12:37:14.037940] conn_init(68) connection open, 0xf76b28
tgtd: [12:37:14.288384] conn_close(104) connection closed, 0xf76b28 1
tgtd: [12:37:17.042553] conn_init(68) connection open, 0xf76b28
tgtd: [12:37:17.293001] conn_close(104) connection closed, 0xf76b28 1
tgtd: [12:37:20.047236] conn_init(68) connection open, 0xf76b28
tgtd: [12:37:20.297753] conn_close(104) connection closed, 0xf76b28 1
tgtd: [12:37:23.051984] conn_init(68) connection open, 0xf76b28
tgtd: [12:37:23.302461] conn_close(104) connection closed, 0xf76b28 1
tgtd: [12:37:26.056636] conn_init(68) connection open, 0xf76b28
tgtd: [12:37:26.307121] conn_close(104) connection closed, 0xf76b28 1
tgtd: [12:37:26.784914] caught signal 15, exiting
tgtd: [12:37:30.043418] caught signal 15, exiting
tgtd: [12:37:32.191908] caught signal 15, exiting
tgtd: [12:37:34.679736] caught signal 15, exiting
================ Wed Jul 24 16:44:35 EDT 2013 =========================
tgtd: [16:44:35.839372] work_timer_start(146) use timer_fd based schedultgtd: [16:44:39.059882] work_timer_start(146) use timer_fd based schedultgtd: [16:44:41.705417] work_timer_start(146) use timer_fd based schedultgtd: [16:44:43.857578] work_timer_start(146) use timer_fd based scheduler
tgtd: [16:44:43.858069] bs_init(313) use signalfd notification
tgtd: [16:44:45.852558] tgt_device_create(576) Unknown device type 127
tgtd: [16:44:45.857250] device_mgmt(239) sz:26 params:path=/dev/sda,bstype=rdwr
tgtd: [16:44:45.857324] bs_thread_open(335) 16
tgtd: [16:45:02.744030] conn_init(68) connection open, 0xf57418
tgtd: [16:45:02.746114] conn_close(104) connection closed, 0xf57418 1
tgtd: [16:45:02.752304] conn_init(68) connection open, 0xf57418
tgtd: [15:08:07.132188] conn_close(104) connection closed, 0xf57418 1

tgtd: [15:08:17.131795] caught signal 15, exiting
tgtd: [15:08:19.754154] caught signal 15, exiting
tgtd: [15:08:22.006774] caught signal 15, exiting
tgtd: [15:08:25.108752] caught signal 15, exiting
